\BOOKMARK [0][-]{chapter*.2}{\376\377\006\105\006\102\006\057\006\105\006\051}{}% 1
\BOOKMARK [0][-]{chapter*.3}{\376\377\006\047\006\104\006\047\006\063\006\052\006\101\006\047\006\057\006\051\000\040\006\047\006\104\006\102\006\065\006\110\006\111\000\040\006\105\006\106\000\040\006\047\006\104\006\103\006\052\006\047\006\050}{}% 2
\BOOKMARK [-1][-]{section*.4}{\376\377\006\047\006\104\006\047\006\106\006\067\006\104\006\047\006\102\006\051\000:\000\040\006\071\006\102\006\104\006\112\006\051\000\040\006\047\006\104\006\106\006\056\006\050\006\051}{}% 3
\BOOKMARK [0][-]{chapter.1}{\376\377\006\072\006\061\006\063\000\040\006\047\006\104\006\071\006\102\006\104\006\112\006\051\000\040\006\047\006\104\006\065\006\055\006\112\006\055\006\051}{section*.4}% 4
\BOOKMARK [1][-]{section.1.1}{\376\377\006\104\006\112\006\063\000\040\006\047\006\104\006\067\006\061\006\112\006\102\000\040\006\104\006\105\006\106\000\040\006\063\006\050\006\102\006\014\000\040\006\045\006\106\006\105\006\047\000\040\006\047\006\104\006\067\006\061\006\112\006\102\000\040\006\104\006\105\006\106\000\040\006\065\006\057\006\102}{chapter.1}% 5
\BOOKMARK [1][-]{section.1.2}{\376\377\006\047\006\104\006\101\006\061\006\102\000\040\006\050\006\112\006\106\000\040\006\047\006\104\006\052\006\104\006\105\006\112\006\060\000\040\006\047\006\104\006\071\006\047\006\057\006\112\000\040\006\110\006\047\006\104\006\105\006\105\006\052\006\047\006\062\000\040\000\050\006\105\006\106\006\067\006\102\006\051\000\040\006\047\006\104\006\061\006\047\006\055\006\051\000\051}{chapter.1}% 6
\BOOKMARK [1][-]{section.1.3}{\376\377\006\052\006\056\006\104\006\116\006\121\000\040\006\071\006\106\000\040\006\103\006\104\006\105\006\051\000\040\000"\006\050\006\065\006\100\006\055\000"}{chapter.1}% 7
\BOOKMARK [1][-]{section.1.4}{\376\377\006\047\006\104\006\064\006\072\006\101\000\040\006\112\006\043\006\052\006\112\000\040\006\050\006\071\006\057\000\040\006\047\006\104\006\101\006\071\006\104\006\014\000\040\006\104\006\047\000\040\006\102\006\050\006\104\006\107}{chapter.1}% 8
\BOOKMARK [1][-]{section.1.5}{\376\377\006\102\006\047\006\106\006\110\006\106\000\040\006\106\006\112\006\110\006\052\006\106\000\040\006\101\006\112\000\040\006\047\006\104\006\106\006\054\006\047\006\055\000:\000\040\006\104\006\103\006\104\000\040\006\101\006\071\006\104\000\040\006\061\006\057\000\040\006\101\006\071\006\104}{chapter.1}% 9
\BOOKMARK [1][-]{section.1.6}{\376\377\006\047\006\104\006\071\006\050\006\061\006\051\000\040\006\050\006\047\006\104\006\056\006\110\006\047\006\052\006\112\006\105}{chapter.1}% 10
\BOOKMARK [1][-]{section.1.7}{\376\377\000\040\006\047\006\104\006\071\006\047\006\057\006\047\006\052\000\040\006\047\006\104\006\060\006\061\006\112\006\051\000:\000\040\006\102\006\110\006\051\000\040\006\047\006\104\006\052\006\072\006\112\006\112\006\061\006\047\006\052\000\040\006\047\006\104\006\065\006\072\006\112\006\061\006\051}{chapter.1}% 11
\BOOKMARK [2][-]{subsection.1.7.1}{\376\377\006\107\006\110\006\112\006\052\006\103\000\040\006\043\006\110\006\104\006\047\006\113\000:\000\040\006\104\006\063\006\052\000\040\006\067\006\047\006\104\006\050\006\047\006\113\000\040\006\101\006\102\006\067\006\014\000\040\006\050\006\104\000\040\006\043\006\106\006\052\000\040\000"\006\047\006\104\006\106\006\056\006\050\006\051\000"}{section.1.7}% 12
\BOOKMARK [2][-]{subsection.1.7.2}{\376\377\006\102\006\047\006\071\006\057\006\051\000\040\0001\000\045\000:\000\040\006\047\006\104\006\052\006\055\006\063\006\112\006\106\000\040\006\047\006\104\006\105\006\063\006\052\006\105\006\061}{section.1.7}% 13
\BOOKMARK [2][-]{subsection.1.7.3}{\376\377\006\047\006\104\006\102\006\110\006\047\006\106\006\112\006\106\000\040\006\047\006\104\006\043\006\061\006\050\006\071\006\051\000\040\006\104\006\052\006\072\006\112\006\112\006\061\000\040\006\047\006\104\006\063\006\104\006\110\006\103}{section.1.7}% 14
\BOOKMARK [2][-]{subsection.1.7.4}{\376\377\006\047\006\104\006\043\006\106\006\070\006\105\006\051\000\040\006\043\006\107\006\105\000\040\006\105\006\106\000\040\006\047\006\104\006\043\006\107\006\057\006\047\006\101}{section.1.7}% 15
\BOOKMARK [1][-]{section.1.8}{\376\377\006\043\006\056\006\067\006\047\006\041\000\040\006\102\006\047\006\052\006\104\006\051\000\040\006\112\006\102\006\071\000\040\006\101\006\112\006\107\006\047\000\040\006\067\006\104\006\047\006\050\000\040\006\047\006\104\006\050\006\103\006\047\006\104\006\110\006\061\006\112\006\047}{chapter.1}% 16
\BOOKMARK [1][-]{section.1.9}{\376\377\006\056\006\104\006\047\006\065\006\051\000\040\006\047\006\104\006\050\006\047\006\050\000\040\0001\000\040}{chapter.1}% 17
\BOOKMARK [0][-]{chapter.2}{\376\377\006\043\006\071\006\057\006\047\006\041\000\040\006\047\006\104\006\106\006\054\006\047\006\055\000:\000\040\006\103\006\112\006\101\000\040\006\052\006\106\006\052\006\065\006\061\000\040\006\071\006\104\006\112\006\107\006\105\006\037}{section*.4}% 18
\BOOKMARK [1][-]{section.2.1}{\376\377\006\047\006\104\006\105\006\102\006\047\006\067\006\071\000\040\006\047\006\104\006\102\006\065\006\112\006\061\006\051\000:\000\040\006\071\006\057\006\110\000\040\006\047\006\104\006\052\006\061\006\103\006\112\006\062\000\040\006\061\006\102\006\105\000\040\006\047\006\104\006\043\006\110\006\104}{chapter.2}% 19
\BOOKMARK [1][-]{section.2.2}{\376\377\006\065\006\112\006\047\006\105\000\040\006\047\006\104\006\057\006\110\006\050\006\047\006\105\006\112\006\106\000:\000\040\006\047\006\104\006\055\006\104\000\040\006\047\006\104\006\071\006\105\006\104\006\112\000\040\006\104\006\047\006\063\006\052\006\071\006\047\006\057\006\051\000\040\006\047\006\104\006\064\006\072\006\101\000\040\006\110\006\047\006\104\006\052\006\061\006\103\006\112\006\062}{chapter.2}% 20
\BOOKMARK [2][-]{subsection.2.2.1}{\376\377\006\103\006\112\006\101\000\040\006\052\006\067\006\050\006\102\000\040\000"\006\057\006\112\006\052\006\110\006\103\006\063\000"\000\040\006\047\006\104\006\057\006\110\006\050\006\047\006\105\006\112\006\106\000\040\006\071\006\105\006\104\006\112\006\047\006\113\006\037}{section.2.2}% 21
\BOOKMARK [2][-]{subsection.2.2.2}{\376\377\006\105\006\047\006\060\006\047\000\040\006\063\006\052\006\054\006\106\006\112\000\040\006\105\006\106\000\040\006\107\006\060\006\107\000\040\006\047\006\104\006\052\006\054\006\061\006\050\006\051\006\037}{section.2.2}% 22
\BOOKMARK [1][-]{section.2.3}{\376\377\006\047\006\104\006\071\006\104\006\047\006\102\006\047\006\052\000\040\006\047\006\104\006\071\006\047\006\067\006\101\006\112\006\051\000:\000\040\006\047\006\104\006\047\006\063\006\052\006\106\006\062\006\047\006\101\000\040\006\047\006\104\006\056\006\101\006\112\000\040}{chapter.2}% 23
\BOOKMARK [1][-]{section.2.4}{\376\377\006\047\006\104\006\063\006\107\006\061\000\040\006\110\006\047\006\104\006\061\006\110\006\052\006\112\006\106\000\040\006\047\006\104\006\105\006\057\006\105\006\061\000:\000\040\006\101\006\056\000\040\000"\006\047\006\104\006\104\006\112\006\047\006\104\006\112\000\040\006\047\006\104\006\050\006\112\006\066\006\047\006\041\000"}{chapter.2}% 24
\BOOKMARK [2][-]{subsection.2.4.1}{\376\377\006\105\006\047\006\060\006\047\000\040\006\112\006\055\006\057\006\053\000\040\006\104\006\057\006\105\006\047\006\072\006\103\000\040\006\071\006\106\006\057\006\105\006\047\000\040\006\052\006\063\006\107\006\061\006\037\000\040\000\050\006\110\006\107\006\105\000\040\006\047\006\104\006\045\006\106\006\054\006\047\006\062\000\051}{section.2.4}% 25
\BOOKMARK [2][-]{subsection.2.4.2}{\376\377\006\056\006\067\006\051\000\040\006\071\006\105\006\104\006\112\006\051\000\040\006\104\006\066\006\050\006\067\000\040\006\063\006\047\006\071\006\052\006\103\000\040\006\047\006\104\006\050\006\112\006\110\006\104\006\110\006\054\006\112\006\051}{section.2.4}% 26
\BOOKMARK [1][-]{section.2.5}{\376\377\006\047\006\104\006\063\006\105\006\110\006\105\000\040\006\047\006\104\006\065\006\047\006\105\006\052\006\051}{chapter.2}% 27
\BOOKMARK [2][-]{subsection.2.5.1}{\376\377\0001\000.\000\040\006\047\006\104\006\043\006\072\006\047\006\106\006\112\000\040\000\050\006\101\006\056\000\040\006\047\006\104\006\052\006\064\006\052\006\052\000\040\006\047\006\104\006\060\006\107\006\106\006\112\000\051}{section.2.5}% 28
\BOOKMARK [2][-]{subsection.2.5.2}{\376\377\0002\000.\000\040\006\047\006\104\006\101\006\047\006\063\006\052\000\040\006\101\006\110\006\057\000\040\006\110\006\047\006\104\006\063\006\103\006\061\006\112\006\047\006\052\000\040\000\050\006\072\006\112\006\050\006\110\006\050\006\051\000\040\006\047\006\104\006\056\006\105\006\110\006\104\000\051}{section.2.5}% 29
\BOOKMARK [2][-]{subsection.2.5.3}{\376\377\0003\000.\000\040\006\047\006\104\006\105\006\064\006\052\006\052\006\047\006\052\000\040\006\047\006\104\006\105\006\102\006\106\006\121\006\071\006\051\000\040\000\050\006\110\006\107\006\105\000\040\006\047\006\104\006\045\006\106\006\054\006\047\006\062\000\051}{section.2.5}% 30
\BOOKMARK [1][-]{section.2.6}{\376\377\006\101\006\056\000\040\000"\006\047\006\104\006\052\006\104\006\112\006\054\006\061\006\047\006\105\000"\000:\000\040\006\055\006\112\006\106\000\040\006\112\006\052\006\055\006\110\006\104\000\040\006\105\006\065\006\057\006\061\000\040\006\047\006\104\006\057\006\061\006\047\006\063\006\051\000\040\006\045\006\104\006\111\000\040\006\043\006\103\006\050\006\061\000\040\006\105\006\064\006\052\006\052}{chapter.2}% 31
\BOOKMARK [1][-]{section.2.7}{\376\377\006\056\006\104\006\047\006\065\006\051\000\040\006\047\006\104\006\050\006\047\006\050\000\040\0002}{chapter.2}% 32
\BOOKMARK [-1][-]{section*.9}{\376\377\006\047\006\104\006\043\006\057\006\110\006\047\006\052\000\040\006\047\006\104\006\060\006\107\006\050\006\112\006\051\000:\000\040\006\056\006\067\006\067\000\040\006\110\006\047\006\063\006\052\006\061\006\047\006\052\006\112\006\054\006\112\006\047\006\052}{}% 33
\BOOKMARK [0][-]{chapter.3}{\376\377\006\056\006\067\006\067\000\040\006\047\006\104\006\106\006\056\006\050\006\051\000\040\006\047\006\104\006\057\006\061\006\047\006\063\006\112\006\051}{section*.9}% 34
\BOOKMARK [1][-]{section.3.1}{\376\377\006\105\006\106\000\040\006\043\006\112\006\106\000\040\006\052\006\050\006\057\006\043\006\037\000\040\006\047\006\056\006\052\006\061\000\040\006\056\006\067\006\052\006\103\000\040\006\050\006\060\006\103\006\047\006\041}{chapter.3}% 35
\BOOKMARK [1][-]{section.3.2}{\376\377\006\047\006\104\006\071\006\067\006\104\006\051\000\040\006\047\006\104\006\065\006\112\006\101\006\112\006\051\000:\000\040\006\047\006\106\006\067\006\104\006\047\006\102\006\051\000\040\006\047\006\104\006\106\006\056\006\050\006\051}{chapter.3}% 36
\BOOKMARK [2][-]{subsection.3.2.1}{\376\377\006\102\006\050\006\104\000\040\006\043\006\106\000\040\006\052\006\050\006\057\006\043\000:\000\040\006\047\006\104\006\052\006\107\006\112\006\046\006\051\000\040\006\047\006\104\006\106\006\101\006\063\006\112\006\051\000\040\006\110\006\047\006\104\006\105\006\047\006\057\006\112\006\051}{section.3.2}% 37
\BOOKMARK [2][-]{subsection.3.2.2}{\376\377\006\064\006\107\006\061\000\040\006\054\006\110\006\112\006\104\006\112\006\051\000:\000\040\006\064\006\107\006\061\000\040\006\047\006\104\006\061\006\047\006\055\006\051\000\040\006\110\006\047\006\104\006\047\006\063\006\052\006\071\006\057\006\047\006\057\000\040\006\047\006\104\006\060\006\107\006\106\006\112}{section.3.2}% 38
\BOOKMARK [2][-]{subsection.3.2.3}{\376\377\006\064\006\107\006\061\000\040\006\043\006\110\006\052\000:\000\040\006\064\006\107\006\061\000\040\006\047\006\104\006\052\006\043\006\063\006\112\006\063\000\040\006\110\006\047\006\104\006\105\006\103\006\052\006\063\006\050\006\047\006\052\000\040\006\047\006\104\006\102\006\050\006\104\006\112\006\051}{section.3.2}% 39
\BOOKMARK [2][-]{subsection.3.2.4}{\376\377\006\106\006\065\006\047\006\046\006\055\000\040\006\060\006\107\006\050\006\112\006\051\000\040\006\104\006\065\006\112\006\101\000\040\006\047\006\104\006\106\006\056\006\050\006\051}{section.3.2}% 40
\BOOKMARK [2][-]{subsection.3.2.5}{\376\377\006\043\006\107\006\105\000\040\006\047\006\104\006\105\006\065\006\047\006\057\006\061\000\040\006\104\006\065\006\112\006\101\000\040\006\047\006\104\006\106\006\056\006\050\006\051}{section.3.2}% 41
\BOOKMARK [2][-]{subsection.3.2.6}{\376\377\006\056\006\052\006\047\006\105\006\047\006\113\000:\000\040\006\043\006\106\006\052\000\040\006\047\006\104\006\042\006\106\000\040\006\071\006\104\006\111\000\040\006\043\006\071\006\052\006\047\006\050\000\040\006\047\006\104\006\106\006\056\006\050\006\051}{section.3.2}% 42
\BOOKMARK [1][-]{section.3.3}{\376\377\006\056\006\067\006\051\000\040\006\064\006\047\006\105\006\104\006\051\000\040\006\104\006\064\006\107\006\061\000\040\006\063\006\050\006\052\006\105\006\050\006\061}{chapter.3}% 43
\BOOKMARK [2][-]{subsection.3.3.1}{\376\377\006\043\006\107\006\057\006\047\006\101\000\040\006\071\006\047\006\105\006\051\000\040\006\104\006\064\006\107\006\061\000\040\006\063\006\050\006\052\006\105\006\050\006\061}{section.3.3}% 44
\BOOKMARK [2][-]{subsection.3.3.2}{\376\377\006\047\006\104\006\105\006\110\006\047\006\057\000\040\006\047\006\104\006\043\006\063\006\047\006\063\006\112\006\051\000:\000\040\006\105\006\106\000\040\006\047\006\104\006\105\006\061\006\047\006\054\006\071\006\051\000\040\006\045\006\104\006\111\000\040\006\047\006\104\006\050\006\057\006\047\006\112\006\051}{section.3.3}% 45
\BOOKMARK [2][-]{subsection.3.3.3}{\376\377\006\047\006\104\006\105\006\110\006\047\006\057\000\040\006\047\006\104\006\043\006\057\006\050\006\112\006\051\000\040\006\110\006\047\006\104\006\104\006\072\006\047\006\052\000:\000\040\006\047\006\104\006\052\006\055\006\066\006\112\006\061\000\040\006\047\006\104\006\105\006\050\006\103\006\061}{section.3.3}% 46
\BOOKMARK [2][-]{subsection.3.3.4}{\376\377\006\106\006\065\006\047\006\046\006\055\000\040\006\071\006\105\006\104\006\112\006\051\000\040\006\104\006\064\006\107\006\061\000\040\006\063\006\050\006\052\006\105\006\050\006\061}{section.3.3}% 47
\BOOKMARK [2][-]{subsection.3.3.5}{\376\377\006\052\006\110\006\054\006\112\006\107\006\047\006\052\000\040\006\056\006\047\006\065\006\051\000\040\006\104\006\104\006\064\006\071\006\050\000\040\006\047\006\104\006\105\006\056\006\052\006\104\006\101\006\051}{section.3.3}% 48
\BOOKMARK [2][-]{subsection.3.3.6}{\376\377\006\056\006\052\006\047\006\105\006\047\006\113\000:\000\040\006\061\006\063\006\047\006\104\006\051\000\040\006\052\006\055\006\101\006\112\006\062\006\112\006\051}{section.3.3}% 49
\BOOKMARK [1][-]{section.3.4}{\376\377\006\056\006\067\006\051\000\040\006\064\006\047\006\105\006\104\006\051\000\040\006\104\006\064\006\107\006\061\000\040\006\043\006\103\006\052\006\110\006\050\006\061}{chapter.3}% 50
\BOOKMARK [2][-]{subsection.3.4.1}{\376\377\006\043\006\107\006\057\006\047\006\101\000\040\006\071\006\047\006\105\006\051\000\040\006\104\006\064\006\107\006\061\000\040\006\043\006\103\006\052\006\110\006\050\006\061}{section.3.4}% 51
\BOOKMARK [2][-]{subsection.3.4.2}{\376\377\006\047\006\104\006\105\006\110\006\047\006\057\000\040\006\047\006\104\006\043\006\063\006\047\006\063\006\112\006\051\000:\000\040\006\105\006\106\000\040\006\047\006\104\006\101\006\107\006\105\000\040\006\045\006\104\006\111\000\040\006\047\006\104\006\052\006\067\006\050\006\112\006\102}{section.3.4}% 52
\BOOKMARK [2][-]{subsection.3.4.3}{\376\377\006\047\006\104\006\105\006\110\006\047\006\057\000\040\006\047\006\104\006\043\006\057\006\050\006\112\006\051\000\040\006\110\006\047\006\104\006\104\006\072\006\047\006\052\000:\000\040\006\047\006\104\006\050\006\057\006\047\006\112\006\051\000\040\006\047\006\104\006\065\006\055\006\112\006\055\006\051}{section.3.4}% 53
\BOOKMARK [2][-]{subsection.3.4.4}{\376\377\006\106\006\065\006\047\006\046\006\055\000\040\006\071\006\105\006\104\006\112\006\051\000\040\006\104\006\064\006\107\006\061\000\040\006\043\006\103\006\052\006\110\006\050\006\061}{section.3.4}% 54
\BOOKMARK [2][-]{subsection.3.4.5}{\376\377\006\052\006\110\006\054\006\112\006\107\006\047\006\052\000\040\006\056\006\047\006\065\006\051\000\040\006\104\006\104\006\105\006\052\006\102\006\057\006\105\006\112\006\106\000\040\006\110\006\047\006\104\006\105\006\052\006\043\006\056\006\061\006\112\006\106}{section.3.4}% 55
\BOOKMARK [1][-]{section.3.5}{\376\377\006\056\006\067\006\051\000\040\006\064\006\047\006\105\006\104\006\051\000\040\006\104\006\064\006\107\006\061\000\040\006\106\006\110\006\101\006\105\006\050\006\061}{chapter.3}% 56
\BOOKMARK [2][-]{subsection.3.5.1}{\376\377\006\047\006\104\006\105\006\110\006\047\006\057\000\040\006\047\006\104\006\043\006\063\006\047\006\063\006\112\006\051\000:\000\040\006\105\006\106\000\040\006\047\006\104\006\101\006\107\006\105\000\040\006\045\006\104\006\111\000\040\006\047\006\104\006\052\006\067\006\050\006\112\006\102}{section.3.5}% 57
\BOOKMARK [2][-]{subsection.3.5.2}{\376\377\006\047\006\104\006\105\006\110\006\047\006\057\000\040\006\047\006\104\006\043\006\057\006\050\006\112\006\051\000\040\006\110\006\047\006\104\006\104\006\072\006\047\006\052\000:\000\040\006\104\006\047\000\040\006\104\006\104\006\052\006\043\006\054\006\112\006\104}{section.3.5}% 58
\BOOKMARK [2][-]{subsection.3.5.3}{\376\377\006\106\006\065\006\047\006\046\006\055\000\040\006\060\006\107\006\050\006\112\006\051\000\040\006\104\006\064\006\107\006\061\000\040\006\106\006\110\006\101\006\105\006\050\006\061}{section.3.5}% 59
\BOOKMARK [1][-]{section.3.6}{\376\377\006\056\006\067\006\051\000\040\006\064\006\047\006\105\006\104\006\051\000\040\006\104\006\064\006\107\006\061\000\040\006\057\006\112\006\063\006\105\006\050\006\061\000\040}{chapter.3}% 60
\BOOKMARK [2][-]{subsection.3.6.1}{\376\377\006\052\006\102\006\063\006\112\006\105\000\040\006\047\006\104\006\064\006\107\006\061}{section.3.6}% 61
\BOOKMARK [2][-]{subsection.3.6.2}{\376\377\006\047\006\104\006\105\006\110\006\047\006\057\000\040\006\047\006\104\006\043\006\063\006\047\006\063\006\112\006\051}{section.3.6}% 62
\BOOKMARK [2][-]{subsection.3.6.3}{\376\377\006\047\006\104\006\105\006\110\006\047\006\057\000\040\006\047\006\104\006\043\006\057\006\050\006\112\006\051\000\040\006\110\006\047\006\104\006\104\006\072\006\047\006\052}{section.3.6}% 63
\BOOKMARK [2][-]{subsection.3.6.4}{\376\377\006\106\006\065\006\047\006\046\006\055\000\040\006\105\006\107\006\105\006\051\000\040\006\104\006\064\006\107\006\061\000\040\006\057\006\112\006\063\006\105\006\050\006\061}{section.3.6}% 64
\BOOKMARK [1][-]{section.3.7}{\376\377\006\056\006\067\006\051\000\040\006\064\006\047\006\105\006\104\006\051\000\040\006\104\006\064\006\107\006\061\000\040\006\054\006\047\006\106\006\101\006\112\000\040}{chapter.3}% 65
\BOOKMARK [2][-]{subsection.3.7.1}{\376\377\006\052\006\102\006\063\006\112\006\105\000\040\006\047\006\104\006\064\006\107\006\061}{section.3.7}% 66
\BOOKMARK [2][-]{subsection.3.7.2}{\376\377\006\047\006\104\006\105\006\110\006\047\006\057\000\040\006\047\006\104\006\043\006\063\006\047\006\063\006\112\006\051}{section.3.7}% 67
\BOOKMARK [2][-]{subsection.3.7.3}{\376\377\006\047\006\104\006\105\006\110\006\047\006\057\000\040\006\047\006\104\006\043\006\057\006\050\006\112\006\051}{section.3.7}% 68
\BOOKMARK [2][-]{subsection.3.7.4}{\376\377\006\052\006\110\006\065\006\112\006\047\006\052\000\040\006\105\006\107\006\105\006\051\000\040\006\104\006\064\006\107\006\061\000\040\006\054\006\047\006\106\006\101\006\112}{section.3.7}% 69
\BOOKMARK [1][-]{section.3.8}{\376\377\006\056\006\067\006\051\000\040\006\047\006\104\006\105\006\061\006\055\006\104\006\051\000\040\006\047\006\104\006\055\006\047\006\063\006\105\006\051\000:\000\040\006\101\006\112\006\101\006\061\006\112\000\040\006\110\006\105\006\047\006\061\006\063\000\040\000\050\006\105\006\071\000\040\006\061\006\105\006\066\006\047\006\106\000\040\0002\0000\0002\0007\000\051}{chapter.3}% 70
\BOOKMARK [2][-]{subsection.3.8.1}{\376\377\006\047\006\104\006\105\006\061\006\055\006\104\006\051\000\040\006\047\006\104\006\043\006\110\006\104\006\111\000\040\000\050\0001\000\040\000-\000\040\0007\000\040\006\101\006\112\006\101\006\061\006\112\000\051\000:\000\040\006\043\006\063\006\050\006\110\006\071\000\040\006\102\006\050\006\104\000\040\006\061\006\105\006\066\006\047\006\106}{section.3.8}% 71
\BOOKMARK [2][-]{subsection.3.8.2}{\376\377\006\047\006\104\006\105\006\061\006\055\006\104\006\051\000\040\006\047\006\104\006\053\006\047\006\106\006\112\006\051\000\040\000\050\0008\000\040\006\101\006\112\006\101\006\061\006\112\000\040\000-\000\040\0009\000\040\006\105\006\047\006\061\006\063\000\051\000:\000\040\006\064\006\107\006\061\000\040\006\061\006\105\006\066\006\047\006\106}{section.3.8}% 72
\BOOKMARK [2][-]{subsection.3.8.3}{\376\377\006\047\006\104\006\105\006\061\006\055\006\104\006\051\000\040\006\047\006\104\006\053\006\047\006\104\006\053\006\051\000\040\000\050\0001\0000\000\040\000-\000\040\0003\0001\000\040\006\105\006\047\006\061\006\063\000\051\000:\000\040\006\047\006\104\006\047\006\106\006\067\006\104\006\047\006\102\000\040\006\050\006\071\006\057\000\040\006\047\006\104\006\071\006\112\006\057}{section.3.8}% 73
\BOOKMARK [1][-]{section.3.9}{\376\377\006\056\006\067\006\051\000\040\006\064\006\047\006\105\006\104\006\051\000\040\006\104\006\064\006\107\006\061\000\040\006\043\006\101\006\061\006\112\006\104\000\040\000\050\006\047\006\104\006\105\006\061\006\047\006\054\006\071\006\051\000\040\006\047\006\104\006\105\006\103\006\053\006\101\006\051\000\051}{chapter.3}% 74
\BOOKMARK [2][-]{subsection.3.9.1}{\376\377\006\052\006\102\006\063\006\112\006\105\000\040\006\047\006\104\006\064\006\107\006\061}{section.3.9}% 75
\BOOKMARK [2][-]{subsection.3.9.2}{\376\377\006\047\006\104\006\105\006\110\006\047\006\057\000\040\006\047\006\104\006\043\006\063\006\047\006\063\006\112\006\051}{section.3.9}% 76
\BOOKMARK [2][-]{subsection.3.9.3}{\376\377\006\047\006\104\006\105\006\110\006\047\006\057\000\040\006\047\006\104\006\043\006\057\006\050\006\112\006\051}{section.3.9}% 77
\BOOKMARK [2][-]{subsection.3.9.4}{\376\377\006\106\006\065\006\047\006\046\006\055\000\040\006\060\006\107\006\050\006\112\006\051\000\040\006\104\006\064\006\107\006\061\000\040\006\043\006\101\006\061\006\112\006\104}{section.3.9}% 78
\BOOKMARK [2][-]{subsection.3.9.5}{\376\377\006\047\006\104\006\105\006\061\006\047\006\054\006\071\006\051\000\040\006\047\006\104\006\106\006\107\006\047\006\046\006\112\006\051\000:\000\040\006\047\006\104\006\056\006\067\006\043\000\040\006\047\006\104\006\101\006\047\006\057\006\055}{section.3.9}% 79
\BOOKMARK [1][-]{section.3.10}{\376\377\006\056\006\067\006\051\000\040\006\064\006\107\006\061\000\040\006\105\006\047\006\112\000:\000\040\006\047\006\104\006\104\006\105\006\063\006\047\006\052\000\040\006\047\006\104\006\043\006\056\006\112\006\061\006\051\000\040\006\110\006\105\006\055\006\047\006\103\006\047\006\051\000\040\006\104\006\104\006\050\006\047\006\103\006\047\006\104\006\110\006\061\006\112\006\047}{chapter.3}% 80
\BOOKMARK [2][-]{subsection.3.10.1}{\376\377\006\047\006\104\006\102\006\110\006\047\006\071\006\057\000\040\006\047\006\104\006\060\006\107\006\050\006\112\006\051\000\040\006\104\006\064\006\107\006\061\000\040\006\105\006\047\006\112}{section.3.10}% 81
\BOOKMARK [2][-]{subsection.3.10.2}{\376\377\006\047\006\104\006\050\006\061\006\106\006\047\006\105\006\054\000\040\006\047\006\104\006\112\006\110\006\105\006\112\000\040\006\047\006\104\006\105\006\102\006\052\006\061\006\055\000\040\000\050\006\052\006\103\006\052\006\112\006\103\000\040\0003\000\040\006\105\006\061\006\047\006\055\006\104\000\051}{section.3.10}% 82
\BOOKMARK [1][-]{section.3.11}{\376\377\006\056\006\067\006\067\000\040\006\047\006\104\006\067\006\110\006\047\006\061\006\046\000\040\006\110\006\047\006\104\006\045\006\106\006\102\006\047\006\060\000\040\006\104\006\104\006\105\006\052\006\043\006\056\006\061\006\112\006\106\000\040\000\050\006\042\006\056\006\061\000\040\006\101\006\061\006\065\006\051\000\051}{chapter.3}% 83
\BOOKMARK [2][-]{subsection.3.11.1}{\376\377\006\043\006\110\006\104\006\047\006\113\000:\000\040\006\055\006\057\006\057\000\040\006\110\006\066\006\071\006\103\000\040\006\050\006\057\006\102\006\051\000\040\000\050\006\043\006\112\006\106\000\040\006\043\006\106\006\052\000\040\006\047\006\104\006\042\006\106\006\037\000\051}{section.3.11}% 84
\BOOKMARK [2][-]{subsection.3.11.2}{\376\377\006\053\006\047\006\106\006\112\006\047\006\113\000:\000\040\006\047\006\056\006\052\006\061\000\040\006\056\006\067\006\051\000\040\006\047\006\104\006\045\006\106\006\102\006\047\006\060\000\040\006\047\006\104\006\105\006\106\006\047\006\063\006\050\006\051\000\040\006\104\006\110\006\102\006\052\006\103}{section.3.11}% 85
\BOOKMARK [0][-]{chapter.4}{\376\377\006\106\006\070\006\047\006\105\000\040\006\047\006\104\006\112\006\110\006\105\000\040\006\047\006\104\006\105\006\053\006\047\006\104\006\112}{section*.9}% 86
\BOOKMARK [1][-]{section.4.1}{\376\377\000\040\006\047\006\104\006\063\006\047\006\071\006\047\006\052\000\040\006\047\006\104\006\065\006\047\006\101\006\112\006\051\000:\000\040\006\103\006\112\006\101\000\040\006\052\006\103\006\063\006\061\000\040\006\063\006\102\006\101\000\040\006\045\006\106\006\052\006\047\006\054\006\112\006\052\006\103\006\037}{chapter.4}% 87
\BOOKMARK [1][-]{section.4.2}{\376\377\000\040\006\047\006\104\006\101\006\054\006\061\000:\000\040\006\047\006\104\006\056\006\067\006\110\006\051\000\040\006\047\006\104\006\043\006\110\006\104\006\111\000\040\006\110\006\047\006\104\006\047\006\106\006\052\006\065\006\047\006\061\000\040\006\047\006\104\006\043\006\103\006\050\006\061}{chapter.4}% 88
\BOOKMARK [1][-]{section.4.3}{\376\377\006\101\006\056\000\040\006\047\006\104\006\054\006\057\006\047\006\110\006\104\000\040\006\047\006\104\006\062\006\105\006\106\006\112\006\051\000:\000\040\006\104\006\105\006\047\006\060\006\047\000\040\006\052\006\106\006\054\006\055\000\040\006\102\006\047\006\046\006\105\006\051\000\040\006\047\006\104\006\105\006\107\006\047\006\105\000\040\006\050\006\057\006\104\000\040\006\047\006\104\006\052\006\110\006\102\006\112\006\052\006\037}{chapter.4}% 89
\BOOKMARK [1][-]{section.4.4}{\376\377\006\103\006\112\006\101\000\040\006\052\006\110\006\062\006\071\000\040\006\105\006\107\006\047\006\105\006\103\006\037}{chapter.4}% 90
\BOOKMARK [2][-]{subsection.4.4.1}{\376\377\006\104\006\104\006\067\006\047\006\104\006\050\000\040\006\047\006\104\006\106\006\070\006\047\006\105\006\112}{section.4.4}% 91
\BOOKMARK [2][-]{subsection.4.4.2}{\376\377\006\047\006\104\006\067\006\047\006\104\006\050\000\040\006\047\006\104\006\055\006\061}{section.4.4}% 92
\BOOKMARK [1][-]{section.4.5}{\376\377\006\107\006\106\006\057\006\063\006\051\000\040\006\047\006\104\006\060\006\047\006\103\006\061\006\051\000:\000\040\006\103\006\112\006\101\000\040\006\052\006\054\006\071\006\104\000\040\006\047\006\104\006\105\006\071\006\104\006\110\006\105\006\047\006\052\000\040\000"\006\072\006\112\006\061\000\040\006\102\006\047\006\050\006\104\006\051\000\040\006\104\006\104\006\106\006\063\006\112\006\047\006\106\000"\006\037}{chapter.4}% 93
\BOOKMARK [2][-]{subsection.4.5.1}{\376\377\000\040\006\047\006\104\006\052\006\103\006\061\006\047\006\061\000\040\006\047\006\104\006\105\006\052\006\050\006\047\006\071\006\057\000\040\000\050\000S\000p\000a\000c\000e\000d\000\040\000R\000e\000p\000e\000t\000i\000t\000i\000o\000n\000\051}{section.4.5}% 94
\BOOKMARK [2][-]{subsection.4.5.2}{\376\377\000\040\006\047\006\104\006\047\006\063\006\052\006\061\006\054\006\047\006\071\000\040\006\047\006\104\006\106\006\064\006\067\000\040\000\050\000A\000c\000t\000i\000v\000e\000\040\000R\000e\000c\000a\000l\000l\000\051}{section.4.5}% 95
\BOOKMARK [2][-]{subsection.4.5.3}{\376\377\000\040\006\052\006\102\006\106\006\112\006\051\000\040\006\101\006\047\006\112\006\106\006\105\006\047\006\106\000\040\000\050\000F\000e\000y\000n\000m\000a\000n\000\040\000T\000e\000c\000h\000n\000i\000q\000u\000e\000\051\000\040}{section.4.5}% 96
\BOOKMARK [2][-]{subsection.4.5.4}{\376\377\000\040\006\047\006\104\006\056\006\061\006\047\006\046\006\067\000\040\006\047\006\104\006\060\006\107\006\106\006\112\006\051\000\040\006\110\006\047\006\104\006\061\006\110\006\047\006\050\006\067\000\040\006\047\006\104\006\071\006\054\006\112\006\050\006\051}{section.4.5}% 97
\BOOKMARK [0][-]{chapter.5}{\376\377\006\043\006\057\006\110\006\047\006\052\000\040\006\110\006\052\006\067\006\050\006\112\006\102\006\047\006\052\000\040\006\104\006\047\000\040\006\072\006\106\006\111\000\040\006\071\006\106\006\107\006\047}{section*.9}% 98
\BOOKMARK [1][-]{section.5.1}{\376\377\006\103\006\112\006\101\000\040\006\052\006\057\006\061\006\063\000\040\006\105\006\106\000\040\006\047\006\104\006\112\006\110\006\052\006\112\006\110\006\050\000\040\006\050\006\101\006\071\006\047\006\104\006\112\006\051\006\037}{chapter.5}% 99
\BOOKMARK [1][-]{section.5.2}{\376\377\006\052\006\067\006\050\006\112\006\102\000\040\000F\000o\000c\000u\000s\000\040\000T\000o\000-\000D\000o\000:\000\040\000"\006\047\006\104\006\105\006\117\006\055\006\047\006\063\006\050\000\040\006\047\006\104\006\064\006\056\006\065\006\112\000"}{chapter.5}% 100
\BOOKMARK [1][-]{section.5.3}{\376\377\006\052\006\067\006\050\006\112\006\102\000\040\000L\000o\000v\000e\000\040\000M\000a\000t\000h\000s}{chapter.5}% 101
\BOOKMARK [1][-]{section.5.4}{\376\377\006\103\006\112\006\101\000\040\006\106\006\063\006\052\006\071\006\105\006\104\000\040\000P\000h\000o\000t\000o\000m\000a\000t\000h\006\037}{chapter.5}% 102
\BOOKMARK [1][-]{section.5.5}{\376\377\006\052\006\067\006\050\006\112\006\102\006\047\006\052\000\040\006\055\006\054\006\050\000\040\006\047\006\104\006\105\006\064\006\052\006\052\006\047\006\052}{chapter.5}% 103
\BOOKMARK [1][-]{section.5.6}{\376\377\006\103\006\112\006\101\000\040\006\052\006\063\006\052\006\056\006\057\006\105\000\040\006\047\006\104\006\060\006\103\006\047\006\041\000\040\006\047\006\104\006\047\006\065\006\067\006\106\006\047\006\071\006\112\000\040\006\101\006\112\000\040\006\057\006\061\006\047\006\063\006\052\006\103\000\040\006\050\006\060\006\103\006\047\006\041\006\037}{chapter.5}% 104
\BOOKMARK [2][-]{subsection.5.6.1}{\376\377\006\043\006\102\006\110\006\111\000\040\006\047\006\104\006\043\006\057\006\110\006\047\006\052\000\040\006\047\006\104\006\052\006\112\000\040\006\112\006\055\006\052\006\047\006\054\006\107\006\047\000\040\006\067\006\047\006\104\006\050\000\040\000"\006\047\006\104\006\106\006\056\006\050\006\051\000"}{section.5.6}% 105
\BOOKMARK [2][-]{subsection.5.6.2}{\376\377\006\052\006\055\006\110\006\112\006\104\000\040\006\047\006\104\006\065\006\110\006\052\000\040\006\045\006\104\006\111\000\040\006\106\006\065}{section.5.6}% 106
\BOOKMARK [2][-]{subsection.5.6.3}{\376\377\006\067\006\061\006\112\006\102\006\051\000\040\006\045\006\071\006\067\006\047\006\041\000\040\006\047\006\104\006\043\006\105\006\061\000\040\006\047\006\104\006\065\006\055\006\112\006\055\000\040\006\104\006\104\006\060\006\103\006\047\006\041\000\040\006\047\006\104\006\047\006\065\006\067\006\106\006\047\006\071\006\112}{section.5.6}% 107
\BOOKMARK [2][-]{subsection.5.6.4}{\376\377\006\103\006\104\006\105\006\051\000\040\006\043\006\056\006\112\006\061\006\051}{section.5.6}% 108
\BOOKMARK [0][-]{chapter.6}{\376\377\006\047\006\104\006\105\006\110\006\047\006\057\000:\000\040\006\105\006\101\006\047\006\052\006\112\006\055\000\040\006\047\006\104\006\047\006\105\006\052\006\112\006\047\006\062}{section*.9}% 109
\BOOKMARK [1][-]{section.6.1}{\376\377\006\047\006\104\006\061\006\112\006\047\006\066\006\112\006\047\006\052}{chapter.6}% 110
\BOOKMARK [2][-]{subsection.6.1.1}{\376\377\006\105\006\071\006\047\006\057\006\104\006\051\000\040\006\047\006\104\006\106\006\054\006\047\006\055\000\040\006\101\006\112\000\040\006\047\006\104\006\061\006\112\006\047\006\066\006\112\006\047\006\052}{section.6.1}% 111
\BOOKMARK [2][-]{subsection.6.1.2}{\376\377\006\052\006\061\006\052\006\112\006\050\000\040\006\047\006\104\006\043\006\110\006\104\006\110\006\112\006\047\006\052\000\040\006\101\006\112\000\040\006\047\006\104\006\061\006\112\006\047\006\066\006\112\006\047\006\052}{section.6.1}% 112
\BOOKMARK [2][-]{subsection.6.1.3}{\376\377\006\103\006\112\006\101\006\112\006\051\000\040\006\057\006\061\006\047\006\063\006\051\000\040\006\047\006\104\006\061\006\112\006\047\006\066\006\112\006\047\006\052\000\040\006\050\006\060\006\103\006\047\006\041\000\040\000\050\006\056\006\067\006\110\006\047\006\052\000\040\006\071\006\105\006\104\006\112\006\051\000\051}{section.6.1}% 113
\BOOKMARK [2][-]{subsection.6.1.4}{\376\377\006\043\006\056\006\067\006\047\006\041\000\040\006\064\006\047\006\046\006\071\006\051\000\040\006\052\006\055\006\061\006\105\006\103\000\040\006\105\006\106\000\040\006\047\006\104\006\071\006\104\006\047\006\105\006\051\000\040\006\047\006\104\006\103\006\047\006\105\006\104\006\051}{section.6.1}% 114
\BOOKMARK [2][-]{subsection.6.1.5}{\376\377\006\061\006\110\006\121\006\047\006\057\000\040\006\047\006\104\006\061\006\112\006\047\006\066\006\112\006\047\006\052\000\040\006\071\006\104\006\111\000\040\006\047\006\104\006\112\006\110\006\052\006\112\006\110\006\050\000\040\000\050\006\043\006\101\006\066\006\104\000\040\006\047\006\104\006\043\006\063\006\047\006\052\006\060\006\051\000\051}{section.6.1}% 115
\BOOKMARK [2][-]{subsection.6.1.6}{\376\377\006\043\006\107\006\105\000\040\006\047\006\104\006\103\006\052\006\050\000\040\006\110\006\047\006\104\006\063\006\104\006\047\006\063\006\104}{section.6.1}% 116
\BOOKMARK [2][-]{subsection.6.1.7}{\376\377\006\106\006\065\006\047\006\046\006\055\000\040\006\060\006\107\006\050\006\112\006\051\000\040\006\101\006\112\000\040\006\047\006\104\006\061\006\112\006\047\006\066\006\112\006\047\006\052}{section.6.1}% 117
\BOOKMARK [2][-]{subsection.6.1.8}{\376\377\006\103\006\112\006\101\000\040\006\052\006\052\006\071\006\047\006\105\006\104\000\040\006\105\006\071\000\040\006\052\006\105\006\047\006\061\006\112\006\106\000\040\000"\006\065\006\055\006\112\006\055\000\040\006\110\006\056\006\067\006\043\000"\006\037}{section.6.1}% 118
\BOOKMARK [2][-]{subsection.6.1.9}{\376\377\006\103\006\112\006\101\000\040\006\052\006\052\006\071\006\047\006\105\006\104\000\040\006\105\006\071\000\040\000"\006\047\006\104\006\047\006\055\006\052\006\105\006\047\006\104\006\047\006\052\000"\000\040\006\050\006\060\006\103\006\047\006\041\006\037}{section.6.1}% 119
\BOOKMARK [2][-]{subsection.6.1.10}{\376\377\006\103\006\112\006\101\000\040\006\052\006\052\006\071\006\047\006\105\006\104\000\040\006\105\006\071\000\040\000"\006\047\006\104\006\105\006\052\006\052\006\047\006\104\006\112\006\047\006\052\000"\000\040\006\110\000"\006\047\006\104\006\105\006\054\006\047\006\105\006\112\006\071\000"\006\037}{section.6.1}% 120
\BOOKMARK [2][-]{subsection.6.1.11}{\376\377\006\103\006\112\006\101\000\040\006\052\006\052\006\071\006\047\006\105\006\104\000\040\006\105\006\071\000\040\000"\006\047\006\104\006\105\006\106\006\047\006\102\006\064\006\051\000\040\006\047\006\104\006\050\006\112\006\047\006\106\006\112\006\051\000"\006\037}{section.6.1}% 121
\BOOKMARK [2][-]{subsection.6.1.12}{\376\377\006\106\006\065\006\112\006\055\006\051\000\040\006\043\006\056\006\112\006\061\006\051\000\040\000\050\006\105\006\106\000\040\006\047\006\104\006\102\006\104\006\050\000\051}{section.6.1}% 122
\BOOKMARK [1][-]{section.6.2}{\376\377\006\047\006\104\006\101\006\112\006\062\006\112\006\047\006\041}{chapter.6}% 123
\BOOKMARK [2][-]{subsection.6.2.1}{\376\377\006\105\006\071\006\047\006\057\006\104\006\051\000\040\006\047\006\104\006\106\006\054\006\047\006\055\000\040\006\101\006\112\000\040\006\047\006\104\006\101\006\112\006\062\006\112\006\047\006\041}{section.6.2}% 124
\BOOKMARK [2][-]{subsection.6.2.2}{\376\377\006\043\006\110\006\104\006\047\006\113\000:\000\040\006\052\006\056\006\104\006\116\006\121\000\040\006\071\006\106\000\040\006\047\006\104\006\056\006\110\006\101\000\040\006\110\006\047\006\104\006\071\006\102\006\050\006\047\006\052\000\040\006\047\006\104\006\106\006\101\006\063\006\112\006\051}{section.6.2}% 125
\BOOKMARK [2][-]{subsection.6.2.3}{\376\377\006\107\006\112\006\103\006\104\000\040\006\047\006\104\006\105\006\047\006\057\006\051\000\040\000\050\006\047\006\104\006\110\006\055\006\057\006\047\006\052\000\051}{section.6.2}% 126
\BOOKMARK [2][-]{subsection.6.2.4}{\376\377\006\056\006\067\006\051\000\040\006\047\006\104\006\057\006\061\006\047\006\063\006\051\000\040\006\047\006\104\006\060\006\103\006\112\006\051\000\040\006\101\006\112\000\040\006\047\006\104\006\101\006\112\006\062\006\112\006\047\006\041\000\040\000\050\0004\000\040\006\105\006\061\006\047\006\055\006\104\000\051}{section.6.2}% 127
\BOOKMARK [2][-]{subsection.6.2.5}{\376\377\006\047\006\104\006\043\006\063\006\046\006\104\006\051\000\040\006\047\006\104\006\106\006\070\006\061\006\112\006\051\000\040\006\110\006\047\006\104\006\050\006\061\006\110\006\052\006\110\006\103\006\110\006\104\006\047\006\052\000\040\006\047\006\104\006\052\006\054\006\061\006\112\006\050\006\112\006\051\000\040}{section.6.2}% 128
\BOOKMARK [2][-]{subsection.6.2.6}{\376\377\006\103\006\112\006\101\000\040\006\052\006\052\006\071\006\047\006\105\006\104\000\040\006\105\006\071\000\040\006\052\006\105\006\047\006\061\006\112\006\106\000\040\006\047\006\104\006\101\006\112\006\062\006\112\006\047\006\041\000\040\006\050\006\060\006\103\006\047\006\041\006\037}{section.6.2}% 129
\BOOKMARK [2][-]{subsection.6.2.7}{\376\377\006\043\006\101\006\066\006\104\000\040\006\047\006\104\006\105\006\065\006\047\006\057\006\061\000\040\000\050\006\102\006\106\006\110\006\047\006\052\000\040\006\112\006\110\006\052\006\112\006\110\006\050\000\040\006\110\006\103\006\052\006\050\000\051}{section.6.2}% 130
\BOOKMARK [2][-]{subsection.6.2.8}{\376\377\006\047\006\063\006\052\006\061\006\047\006\052\006\112\006\054\006\112\006\047\006\052\000\040\006\047\006\104\006\047\006\105\006\052\006\055\006\047\006\106\000\040\000\050\006\103\006\112\006\101\000\040\006\052\006\052\006\071\006\047\006\105\006\104\000\040\006\105\006\071\000\040\006\110\006\061\006\102\006\051\000\040\006\047\006\104\006\101\006\112\006\062\006\112\006\047\006\041\006\037\000\051}{section.6.2}% 131
\BOOKMARK [2][-]{subsection.6.2.9}{\376\377\006\106\006\065\006\047\006\046\006\055\000\040\006\104\006\104\006\067\006\104\006\047\006\050\000\040\006\047\006\104\006\105\006\052\006\043\006\056\006\061\006\112\006\106\000\040\006\110\006\047\006\104\006\066\006\071\006\047\006\101\000\040\006\101\006\112\000\040\006\047\006\104\006\101\006\112\006\062\006\112\006\047\006\041}{section.6.2}% 132
\BOOKMARK [1][-]{section.6.3}{\376\377\006\047\006\104\006\071\006\104\006\110\006\105\000\040\006\047\006\104\006\067\006\050\006\112\006\071\006\112\006\051}{chapter.6}% 133
\BOOKMARK [2][-]{subsection.6.3.1}{\376\377\006\105\006\071\006\047\006\057\006\104\006\051\000\040\006\047\006\104\006\106\006\054\006\047\006\055\000\040\006\101\006\112\000\040\006\047\006\104\006\071\006\104\006\110\006\105}{section.6.3}% 134
\BOOKMARK [2][-]{subsection.6.3.2}{\376\377\006\104\006\105\006\047\006\060\006\047\000\040\006\112\006\056\006\047\006\101\000\040\006\047\006\104\006\067\006\104\006\047\006\050\000\040\006\105\006\106\000\040\006\047\006\104\006\071\006\104\006\110\006\105\006\037\000\040}{section.6.3}% 135
\BOOKMARK [2][-]{subsection.6.3.3}{\376\377\006\056\006\067\006\051\000\040\006\047\006\104\006\057\006\061\006\047\006\063\006\051\000\040\006\047\006\104\006\060\006\107\006\050\006\112\006\051\000\040\006\101\006\112\000\040\006\047\006\104\006\071\006\104\006\110\006\105}{section.6.3}% 136
\BOOKMARK [2][-]{subsection.6.3.4}{\376\377\006\047\006\104\006\105\006\106\006\107\006\054\006\112\006\051\000:\000\040\006\061\006\110\006\055\000\040\006\047\006\104\006\071\006\104\006\110\006\105}{section.6.3}% 137
\BOOKMARK [2][-]{subsection.6.3.5}{\376\377\006\047\006\104\006\110\006\055\006\057\006\047\006\052\000\040\006\047\006\104\006\043\006\063\006\047\006\063\006\112\006\051\000:\000\040\006\106\006\070\006\061\006\051\000\040\006\064\006\047\006\105\006\104\006\051}{section.6.3}% 138
\BOOKMARK [2][-]{subsection.6.3.6}{\376\377\006\043\006\056\006\067\006\047\006\041\000\040\006\064\006\047\006\046\006\071\006\051\000\040\006\052\006\055\006\061\006\105\006\103\000\040\006\105\006\106\000\040\006\047\006\104\006\071\006\104\006\047\006\105\006\051\000\040\006\047\006\104\006\103\006\047\006\105\006\104\006\051\000\040}{section.6.3}% 139
\BOOKMARK [2][-]{subsection.6.3.7}{\376\377\006\106\006\065\006\047\006\046\006\055\000\040\006\043\006\056\006\112\006\061\006\051\000\040\006\105\006\106\000\040\006\047\006\104\006\102\006\104\006\050}{section.6.3}% 140
\BOOKMARK [1][-]{section.6.4}{\376\377\006\047\006\104\006\104\006\072\006\047\006\052\000\040\000\050\006\047\006\104\006\045\006\106\006\054\006\104\006\112\006\062\006\112\006\051\000\040\006\110\006\047\006\104\006\101\006\061\006\106\006\063\006\112\006\051\000\051}{chapter.6}% 141
\BOOKMARK [2][-]{subsection.6.4.1}{\376\377\006\047\006\104\006\104\006\072\006\051\000\040\006\047\006\104\006\045\006\106\006\054\006\104\006\112\006\062\006\112\006\051\000:\000\040\006\047\006\104\006\050\006\061\006\106\006\047\006\105\006\054\000\040\006\110\006\047\006\104\006\105\006\106\006\107\006\054\006\112\006\051}{section.6.4}% 142
\BOOKMARK [2][-]{subsection.6.4.2}{\376\377\006\047\006\104\006\104\006\072\006\051\000\040\006\047\006\104\006\101\006\061\006\106\006\063\006\112\006\051\000:\000\040\006\105\006\106\000\040\006\047\006\104\006\065\006\101\006\061\000\040\006\045\006\104\006\111\000\040\006\047\006\104\006\047\006\105\006\052\006\112\006\047\006\062}{section.6.4}% 143
\BOOKMARK [2][-]{subsection.6.4.3}{\376\377\006\106\006\065\006\047\006\046\006\055\000\040\006\105\006\064\006\052\006\061\006\103\006\051\000\040\006\110\006\043\006\056\006\067\006\047\006\041\000\040\006\064\006\047\006\046\006\071\006\051}{section.6.4}% 144
\BOOKMARK [1][-]{section.6.5}{\376\377\006\047\006\104\006\104\006\072\006\051\000\040\006\047\006\104\006\071\006\061\006\050\006\112\006\051}{chapter.6}% 145
\BOOKMARK [2][-]{subsection.6.5.1}{\376\377\006\107\006\112\006\103\006\104\000\040\006\047\006\104\006\105\006\110\006\066\006\110\006\071\000:\000\040\006\103\006\112\006\101\000\040\006\112\006\117\006\050\006\106\006\111\000\040\006\063\006\044\006\047\006\104\000\040\006\047\006\104\006\071\006\061\006\050\006\112\006\051\006\037}{section.6.5}% 146
\BOOKMARK [2][-]{subsection.6.5.2}{\376\377\006\056\006\061\006\112\006\067\006\051\000\040\006\047\006\104\006\050\006\061\006\106\006\047\006\105\006\054\000:\000\040\006\103\006\104\000\040\006\064\006\071\006\050\006\051\000\040\006\110\006\050\006\061\006\106\006\047\006\105\006\054\006\107\006\047}{section.6.5}% 147
\BOOKMARK [2][-]{subsection.6.5.3}{\376\377\006\101\006\061\006\102\000\040\006\043\006\063\006\047\006\063\006\112\000:\000\040\006\064\006\071\006\061\000\040\006\047\006\104\006\105\006\106\006\101\006\111\000\040\006\110\006\064\006\071\006\061\000\040\006\047\006\104\006\105\006\107\006\054\006\061}{section.6.5}% 148
\BOOKMARK [2][-]{subsection.6.5.4}{\376\377\006\047\006\063\006\052\006\102\006\061\006\047\006\061\000\040\006\047\006\104\006\050\006\061\006\106\006\047\006\105\006\054\000:\000\040\006\105\006\112\006\062\006\051\000\040\006\104\006\047\000\040\006\112\006\071\006\061\006\101\006\107\006\047\000\040\006\047\006\104\006\103\006\053\006\112\006\061\006\110\006\106}{section.6.5}% 149
\BOOKMARK [2][-]{subsection.6.5.5}{\376\377\006\064\006\071\006\061\000\040\006\043\006\105\000\040\006\106\006\053\006\061\006\037\000\040\006\063\006\044\006\047\006\104\000\040\006\106\006\107\006\047\006\061\000\040\006\047\006\104\006\047\006\105\006\052\006\055\006\047\006\106}{section.6.5}% 150
\BOOKMARK [2][-]{subsection.6.5.6}{\376\377\006\105\006\106\006\107\006\054\006\112\006\051\000\040\006\055\006\104\000\040\006\047\006\104\006\105\006\110\006\066\006\110\006\071\000:\000\040\006\047\006\104\006\056\006\067\006\110\006\047\006\052\000\040\006\047\006\104\006\056\006\105\006\063}{section.6.5}% 151
\BOOKMARK [2][-]{subsection.6.5.7}{\376\377\006\063\006\061\000\040\006\047\006\104\006\050\006\106\006\047\006\041\000\040\006\047\006\104\006\101\006\103\006\061\006\112\000:\000\040\006\047\006\104\006\043\006\063\006\104\006\110\006\050\000\040\006\047\006\104\006\056\006\047\006\065}{section.6.5}% 152
\BOOKMARK [2][-]{subsection.6.5.8}{\376\377\006\105\006\106\006\107\006\054\006\112\006\051\000\040\006\047\006\104\006\052\006\104\006\056\006\112\006\065}{section.6.5}% 153
\BOOKMARK [2][-]{subsection.6.5.9}{\376\377\006\047\006\104\006\045\006\106\006\053\006\047\006\061\000:\000\040\006\063\006\044\006\047\006\104\000\040\006\106\006\047\006\057\006\061\000\040\006\104\006\103\006\106\000\040\006\105\006\107\006\105}{section.6.5}% 154
\BOOKMARK [2][-]{subsection.6.5.10}{\376\377\006\047\006\104\006\043\006\106\006\105\006\047\006\067\000:\000\040\006\102\006\047\006\106\006\110\006\106\000\040\006\060\006\103\006\112\000\040\006\050\006\057\006\104\000\040\006\047\006\104\006\055\006\101\006\070\000\040\006\047\006\104\006\043\006\071\006\105\006\111}{section.6.5}% 155
\BOOKMARK [2][-]{subsection.6.5.11}{\376\377\006\047\006\104\006\106\006\062\006\071\006\047\006\052\000\040\006\110\006\047\006\104\006\071\006\110\006\047\006\067\006\101\000\040\006\110\006\047\006\104\006\102\006\112\006\105}{section.6.5}% 156
\BOOKMARK [2][-]{subsection.6.5.12}{\376\377\006\047\006\104\006\050\006\106\006\047\006\041\000\040\006\047\006\104\006\104\006\072\006\110\006\112\000:\000\040\006\063\006\104\006\047\006\063\006\104\000\040\006\110\006\043\006\063\006\046\006\104\006\051\000\040\006\053\006\047\006\050\006\052\006\051}{section.6.5}% 157
\BOOKMARK [2][-]{subsection.6.5.13}{\376\377\006\047\006\104\006\052\006\102\006\110\006\112\006\105\000\040\006\047\006\104\006\106\006\102\006\057\006\112\000\040\000\050\006\104\006\104\006\043\006\057\006\050\006\112\006\112\006\106\000\040\006\101\006\102\006\067\000\051}{section.6.5}% 158
\BOOKMARK [2][-]{subsection.6.5.14}{\376\377\006\106\006\065\006\047\006\046\006\055\000\040\006\060\006\107\006\050\006\112\006\051\000\040\006\105\006\106\000\040\006\052\006\054\006\047\006\061\006\050\000\040\006\047\006\104\006\106\006\047\006\054\006\055\006\112\006\106}{section.6.5}% 159
\BOOKMARK [2][-]{subsection.6.5.15}{\376\377\006\047\006\104\006\105\006\065\006\047\006\057\006\061\000\040\006\047\006\104\006\105\006\117\006\054\006\061\006\116\006\121\006\050\006\051}{section.6.5}% 160
\BOOKMARK [2][-]{subsection.6.5.16}{\376\377\006\047\006\063\006\052\006\061\006\047\006\052\006\112\006\054\006\112\006\051\000\040\006\047\006\104\006\047\006\105\006\052\006\055\006\047\006\106}{section.6.5}% 161
\BOOKMARK [1][-]{section.6.6}{\376\377\006\047\006\104\006\064\006\061\006\112\006\071\006\051}{chapter.6}% 162
\BOOKMARK [2][-]{subsection.6.6.1}{\376\377\006\067\006\050\006\112\006\071\006\051\000\040\006\043\006\063\006\046\006\104\006\051\000\040\006\047\006\104\006\050\006\103\006\047\006\104\006\110\006\061\006\112\006\047\000\040\006\101\006\112\000\040\006\047\006\104\006\064\006\061\006\112\006\071\006\051}{section.6.6}% 163
\BOOKMARK [2][-]{subsection.6.6.2}{\376\377\006\056\006\067\006\110\006\047\006\052\000\040\006\047\006\104\006\057\006\061\006\047\006\063\006\051\000\040\006\047\006\104\006\101\006\071\006\047\006\104\006\051\000\040\006\104\006\104\006\064\006\061\006\112\006\071\006\051}{section.6.6}% 164
\BOOKMARK [2][-]{subsection.6.6.3}{\376\377\006\103\006\112\006\101\000\040\006\052\006\052\006\071\006\047\006\105\006\104\000\040\006\105\006\071\000\040\006\047\006\104\006\054\006\062\006\043\006\112\006\106\000\040\006\101\006\112\000\040\006\047\006\105\006\052\006\055\006\047\006\106\000\040\006\047\006\104\006\050\006\103\006\047\006\104\006\110\006\061\006\112\006\047}{section.6.6}% 165
\BOOKMARK [2][-]{subsection.6.6.4}{\376\377\006\043\006\101\006\066\006\104\000\040\006\047\006\104\006\043\006\063\006\047\006\052\006\060\006\051\000\040\006\104\006\105\006\047\006\057\006\051\000\040\006\047\006\104\006\071\006\104\006\110\006\105\000\040\006\047\006\104\006\045\006\063\006\104\006\047\006\105\006\112\006\051}{section.6.6}% 166
\BOOKMARK [2][-]{subsection.6.6.5}{\376\377\006\043\006\107\006\105\000\040\006\047\006\104\006\103\006\052\006\050\000\040\006\110\006\047\006\104\006\105\006\104\006\056\006\065\006\047\006\052}{section.6.6}% 167
\BOOKMARK [2][-]{subsection.6.6.6}{\376\377\006\106\006\065\006\047\006\046\006\055\000\040\006\060\006\107\006\050\006\112\006\051\000\040\006\104\006\104\006\052\006\101\006\110\006\102\000\040\006\101\006\112\000\040\006\047\006\104\006\064\006\061\006\112\006\071\006\051}{section.6.6}% 168
\BOOKMARK [2][-]{subsection.6.6.7}{\376\377\006\061\006\063\006\047\006\104\006\051\000\040\006\052\006\055\006\101\006\112\006\062\006\112\006\051\000\040\006\105\006\106\000\040\006\047\006\104\006\043\006\063\006\052\006\047\006\060\000\040\006\064\006\105\006\063\000\040\006\047\006\104\006\057\006\112\006\106}{section.6.6}% 169
\BOOKMARK [1][-]{section.6.7}{\376\377\000\040\006\047\006\104\006\052\006\047\006\061\006\112\006\056\000\040\006\110\006\047\006\104\006\054\006\072\006\061\006\047\006\101\006\112\006\047\000\040}{chapter.6}% 170
\BOOKMARK [2][-]{subsection.6.7.1}{\376\377\006\043\006\107\006\105\006\112\006\051\000\040\006\047\006\104\006\052\006\110\006\047\006\062\006\106\000\040\006\050\006\112\006\106\000\040\006\047\006\104\006\105\006\110\006\047\006\057\000\040\006\047\006\104\006\043\006\063\006\047\006\063\006\112\006\051\000\040\006\110\006\047\006\104\006\053\006\047\006\106\006\110\006\112\006\051}{section.6.7}% 171
\BOOKMARK [2][-]{subsection.6.7.2}{\376\377\006\067\006\061\006\102\000\040\006\047\006\104\006\055\006\101\006\070\000\040\006\047\006\104\006\060\006\103\006\112\006\051\000:\000\040\006\047\006\104\006\101\006\107\006\105\000\040\006\043\006\110\006\104\006\047\006\113\000\040\006\053\006\105\000\040\006\047\006\104\006\052\006\103\006\061\006\047\006\061}{section.6.7}% 172
\BOOKMARK [2][-]{subsection.6.7.3}{\376\377\006\105\006\106\006\107\006\054\006\112\006\051\000\040\006\047\006\104\006\052\006\071\006\047\006\105\006\104\000\040\006\105\006\071\000\040\006\047\006\104\006\064\006\056\006\065\006\112\006\047\006\052}{section.6.7}% 173
\BOOKMARK [2][-]{subsection.6.7.4}{\376\377\006\047\006\104\006\052\006\071\006\047\006\105\006\104\000\040\006\105\006\071\000\040\006\047\006\104\006\105\006\065\006\067\006\104\006\055\006\047\006\052\000\040\006\110\006\047\006\104\006\056\006\061\006\047\006\046\006\067}{section.6.7}% 174
\BOOKMARK [2][-]{subsection.6.7.5}{\376\377\006\047\006\104\006\052\006\110\006\047\006\061\006\112\006\056\000:\000\040\006\103\006\112\006\101\000\040\006\052\006\055\006\101\006\070\006\107\006\047\000\040\006\050\006\060\006\103\006\047\006\041\006\037}{section.6.7}% 175
\BOOKMARK [2][-]{subsection.6.7.6}{\376\377\006\047\006\104\006\105\006\106\006\107\006\054\006\112\006\051\000\040\006\047\006\104\006\065\006\055\006\112\006\055\006\051\000\040\006\104\006\103\006\052\006\047\006\050\006\051\000\040\006\047\006\104\006\105\006\102\006\047\006\104}{section.6.7}% 176
\BOOKMARK [2][-]{subsection.6.7.7}{\376\377\006\047\006\104\006\052\006\071\006\047\006\105\006\104\000\040\006\105\006\071\000\040\006\047\006\104\006\043\006\063\006\046\006\104\006\051\000\040\006\072\006\112\006\061\000\040\006\047\006\104\006\105\006\050\006\047\006\064\006\061\006\051}{section.6.7}% 177
\BOOKMARK [2][-]{subsection.6.7.8}{\376\377\006\043\006\101\006\066\006\104\000\040\006\047\006\104\006\043\006\063\006\047\006\052\006\060\006\051\000\040\006\110\006\047\006\104\006\103\006\052\006\050\000\040\006\110\006\047\006\104\006\105\006\110\006\047\006\061\006\057}{section.6.7}% 178
\BOOKMARK [2][-]{subsection.6.7.9}{\376\377\006\106\006\065\006\047\006\046\006\055\000\040\006\055\006\110\006\104\000\040\006\047\006\104\006\057\006\061\006\110\006\063\000\040\006\047\006\104\006\056\006\065\006\110\006\065\006\112\006\051\000\040\006\110\006\047\006\104\006\112\006\110\006\052\006\112\006\110\006\050}{section.6.7}% 179
\BOOKMARK [2][-]{subsection.6.7.10}{\376\377\006\047\006\104\006\052\006\071\006\047\006\105\006\104\000\040\006\105\006\071\000\040\006\047\006\104\006\066\006\072\006\067\000\040\006\110\006\047\006\104\006\052\006\055\006\101\006\112\006\062\000\040\006\047\006\104\006\060\006\047\006\052\006\112}{section.6.7}% 180
\BOOKMARK [2][-]{subsection.6.7.11}{\376\377\006\056\006\104\006\047\006\065\006\051\000\040\006\110\006\106\006\065\006\047\006\046\006\055\000\040\006\056\006\052\006\047\006\105\006\112\006\051}{section.6.7}% 181
\BOOKMARK [1][-]{section.6.8}{\376\377\000\040\006\047\006\104\006\101\006\104\006\063\006\101\006\051\000\040}{chapter.6}% 182
\BOOKMARK [2][-]{subsection.6.8.1}{\376\377\006\103\006\112\006\101\000\040\006\052\006\052\006\110\006\063\006\071\000\040\006\101\006\112\000\040\006\047\006\104\006\105\006\102\006\047\006\104\006\051\000\040\006\047\006\104\006\101\006\104\006\063\006\101\006\112\006\051\000\040\006\057\006\110\006\106\000\040\006\052\006\103\006\061\006\047\006\061\006\037}{section.6.8}% 183
\BOOKMARK [2][-]{subsection.6.8.2}{\376\377\006\047\006\104\006\101\006\107\006\105\000\040\006\043\006\110\006\104\006\047\006\113\000\040\006\053\006\105\000\040\006\047\006\104\006\055\006\101\006\070}{section.6.8}% 184
\BOOKMARK [2][-]{subsection.6.8.3}{\376\377\006\043\006\106\006\110\006\047\006\071\000\040\006\052\006\055\006\104\006\112\006\104\000\040\006\047\006\104\006\106\006\065}{section.6.8}% 185
\BOOKMARK [2][-]{subsection.6.8.4}{\376\377\006\103\006\112\006\101\000\040\006\052\006\052\006\071\006\047\006\105\006\104\000\040\006\105\006\071\000\040\006\066\006\072\006\067\000\040\006\047\006\104\006\105\006\061\006\047\006\054\006\071\006\051\006\037}{section.6.8}% 186
\BOOKMARK [2][-]{subsection.6.8.5}{\376\377\006\043\006\107\006\105\006\112\006\051\000\040\006\047\006\104\006\057\006\061\006\047\006\063\006\051\000\040\006\047\006\104\006\065\006\050\006\047\006\055\006\112\006\051}{section.6.8}% 187
\BOOKMARK [2][-]{subsection.6.8.6}{\376\377\006\047\006\104\006\057\006\061\006\110\006\063\000\040\006\047\006\104\006\056\006\065\006\110\006\065\006\112\006\051\000\040\006\043\006\105\000\040\006\047\006\104\006\112\006\110\006\052\006\112\006\110\006\050\006\037}{section.6.8}% 188
\BOOKMARK [2][-]{subsection.6.8.7}{\376\377\006\106\006\065\006\112\006\055\006\051\000\040\006\104\006\104\006\067\006\104\006\047\006\050\000\040\006\047\006\104\006\043\006\055\006\061\006\047\006\061}{section.6.8}% 189
\BOOKMARK [2][-]{subsection.6.8.8}{\376\377\006\047\006\104\006\052\006\071\006\047\006\105\006\104\000\040\006\105\006\071\000\040\006\047\006\104\006\043\006\063\006\047\006\052\006\060\006\051\000\040\006\101\006\112\000\040\006\047\006\104\006\104\006\112\006\063\006\112}{section.6.8}% 190
\BOOKMARK [2][-]{subsection.6.8.9}{\376\377\006\103\006\104\006\105\006\051\000\040\006\043\006\056\006\112\006\061\006\051\000\040\006\110\006\052\006\055\006\101\006\112\006\062}{section.6.8}% 191
\BOOKMARK [2][-]{subsection.6.8.10}{\376\377\006\052\006\054\006\061\006\050\006\051\000\040\006\047\006\104\006\043\006\063\006\052\006\047\006\060\000\040\006\047\006\104\006\064\006\056\006\065\006\112\006\051}{section.6.8}% 192
\BOOKMARK [2][-]{subsection.6.8.11}{\376\377\006\106\006\065\006\047\006\046\006\055\000\040\006\056\006\052\006\047\006\105\006\112\006\051}{section.6.8}% 193
\BOOKMARK [1][-]{section.6.9}{\376\377\006\064\006\071\006\050\006\051\000\040\006\052\006\102\006\106\006\112\000\040\006\061\006\112\006\047\006\066\006\112}{chapter.6}% 194
\BOOKMARK [2][-]{subsection.6.9.1}{\376\377\006\106\006\065\006\047\006\046\006\055\000\040\006\071\006\047\006\105\006\051\000\040\006\104\006\067\006\104\006\047\006\050\000\040\006\047\006\104\006\052\006\102\006\106\006\112\000\040\006\061\006\112\006\047\006\066\006\112}{section.6.9}% 195
\BOOKMARK [2][-]{subsection.6.9.2}{\376\377\006\105\006\065\006\047\006\057\006\061\000\040\006\071\006\047\006\105\006\051\000\040\006\104\006\054\006\105\006\112\006\071\000\040\006\047\006\104\006\052\006\056\006\065\006\065\006\047\006\052}{section.6.9}% 196
\BOOKMARK [2][-]{subsection.6.9.3}{\376\377\006\052\006\056\006\065\006\065\000\040\006\047\006\104\006\107\006\106\006\057\006\063\006\051\000\040\006\047\006\104\006\105\006\057\006\106\006\112\006\051}{section.6.9}% 197
\BOOKMARK [2][-]{subsection.6.9.4}{\376\377\006\052\006\056\006\065\006\065\000\040\006\047\006\104\006\107\006\106\006\057\006\063\006\051\000\040\006\047\006\104\006\103\006\107\006\061\006\050\006\047\006\046\006\112\006\051}{section.6.9}% 198
\BOOKMARK [2][-]{subsection.6.9.5}{\376\377\006\052\006\056\006\065\006\065\000\040\006\047\006\104\006\107\006\106\006\057\006\063\006\051\000\040\006\047\006\104\006\105\006\112\006\103\006\047\006\106\006\112\006\103\006\112\006\051}{section.6.9}% 199
\BOOKMARK [2][-]{subsection.6.9.6}{\376\377\006\052\006\056\006\065\006\065\000\040\006\047\006\104\006\107\006\106\006\057\006\063\006\051\000\040\006\047\006\104\006\067\006\061\006\047\006\046\006\102\000\040\000\050\006\047\006\104\006\107\006\106\006\057\006\063\006\051\000\040\006\047\006\104\006\103\006\112\006\105\006\112\006\047\006\046\006\112\006\051\000\051}{section.6.9}% 200
\BOOKMARK [2][-]{subsection.6.9.7}{\376\377\006\056\006\067\006\051\000\040\006\105\006\102\006\052\006\061\006\055\006\051\000\040\006\104\006\057\006\061\006\047\006\063\006\051\000\040\006\105\006\110\006\047\006\057\000\040\006\047\006\104\006\052\006\056\006\065\006\065}{section.6.9}% 201
\BOOKMARK [2][-]{subsection.6.9.8}{\376\377\006\056\006\047\006\052\006\105\006\051}{section.6.9}% 202
\BOOKMARK [-1][-]{section*.87}{\376\377\006\105\006\055\006\067\006\047\006\052\000\040\006\101\006\047\006\065\006\104\006\051\000:\000\040\006\047\006\063\006\052\006\061\006\047\006\052\006\112\006\054\006\112\006\047\006\052\000\040\006\047\006\104\006\047\006\105\006\052\006\055\006\047\006\106\000\040\006\110\006\047\006\104\006\105\006\061\006\047\006\054\006\071\006\051}{}% 203
\BOOKMARK [0][-]{chapter.7}{\376\377\006\047\006\063\006\052\006\061\006\047\006\052\006\112\006\054\006\112\006\047\006\052\000\040\006\105\006\047\000\040\006\102\006\050\006\104\000\040\006\047\006\104\006\047\006\105\006\052\006\055\006\047\006\106}{section*.87}% 204
\BOOKMARK [1][-]{section.7.1}{\376\377\006\047\006\104\006\050\006\103\006\047\006\104\006\110\006\061\006\112\006\047\000\040\006\047\006\104\006\052\006\054\006\061\006\112\006\050\006\112\006\051\000\040\000\050\006\047\006\104\006\050\006\112\006\066\006\047\006\041\000\051\000:\000\040\006\103\006\106\006\062\006\103\000\040\006\104\006\052\006\102\006\112\006\112\006\105\000\040\006\106\006\101\006\063\006\103}{chapter.7}% 205
\BOOKMARK [2][-]{subsection.7.1.1}{\376\377\006\104\006\105\006\047\006\060\006\047\000\040\006\112\006\054\006\050\000\040\006\043\006\106\000\040\006\052\006\056\006\110\006\066\000\040\006\047\006\104\006\050\006\103\006\047\006\104\006\110\006\061\006\112\006\047\000\040\006\047\006\104\006\052\006\054\006\061\006\112\006\050\006\112\006\051\006\037}{section.7.1}% 206
\BOOKMARK [2][-]{subsection.7.1.2}{\376\377\006\103\006\112\006\101\000\040\006\052\006\063\006\052\006\101\006\112\006\057\000\040\006\043\006\102\006\065\006\111\000\040\006\047\006\063\006\052\006\101\006\047\006\057\006\051\000\040\006\105\006\106\000\040\006\047\006\104\006\050\006\103\006\047\006\104\006\110\006\061\006\112\006\047\000\040\006\047\006\104\006\052\006\054\006\061\006\112\006\050\006\112\006\051\006\037}{section.7.1}% 207
\BOOKMARK [2][-]{subsection.7.1.3}{\376\377\006\103\006\112\006\101\000\040\006\052\006\052\006\071\006\047\006\105\006\104\000\040\006\105\006\071\000\040\006\106\006\052\006\112\006\054\006\051\000\040\006\047\006\104\006\052\006\054\006\061\006\112\006\050\006\112\006\037}{section.7.1}% 208
\BOOKMARK [2][-]{subsection.7.1.4}{\376\377\006\056\006\067\006\051\000\040\006\047\006\104\006\071\006\105\006\104\000\040\006\050\006\071\006\057\000\040\006\047\006\104\006\050\006\103\006\047\006\104\006\110\006\061\006\112\006\047\000\040\006\047\006\104\006\052\006\054\006\061\006\112\006\050\006\112\000\040\000\050\006\047\006\104\006\105\006\061\006\055\006\104\006\051\000\040\006\047\006\104\006\055\006\047\006\063\006\105\006\051\000\051}{section.7.1}% 209
\BOOKMARK [2][-]{subsection.7.1.5}{\376\377\006\102\006\065\006\065\000\040\006\110\006\047\006\102\006\071\006\112\006\051\000:\000\040\006\105\006\047\006\060\006\047\000\040\006\106\006\052\006\071\006\104\006\105\000\040\006\105\006\106\000\040\006\047\006\104\006\052\006\054\006\061\006\112\006\050\006\112\006\037}{section.7.1}% 210
\BOOKMARK [2][-]{subsection.7.1.6}{\376\377\006\043\006\056\006\067\006\047\006\041\000\040\006\064\006\047\006\046\006\071\006\051\000\040\006\101\006\112\000\040\006\047\006\104\006\052\006\071\006\047\006\105\006\104\000\040\006\105\006\071\000\040\006\047\006\104\006\050\006\103\006\047\006\104\006\110\006\061\006\112\006\047\000\040\006\047\006\104\006\052\006\054\006\061\006\112\006\050\006\112}{section.7.1}% 211
\BOOKMARK [1][-]{section.7.2}{\376\377\006\104\006\112\006\104\006\051\000\040\006\047\006\104\006\047\006\105\006\052\006\055\006\047\006\106\000:\000\040\006\047\006\104\006\047\006\063\006\052\006\071\006\057\006\047\006\057\000\040\006\047\006\104\006\106\006\101\006\063\006\112\000\040\006\110\006\047\006\104\006\105\006\047\006\057\006\112\000\040\006\110\006\047\006\104\006\060\006\107\006\106\006\112}{chapter.7}% 212
\BOOKMARK [2][-]{subsection.7.2.1}{\376\377\006\105\006\047\006\060\006\047\000\040\006\052\006\101\006\071\006\104\000\040\006\101\006\112\000\040\006\104\006\112\006\104\006\051\000\040\006\047\006\104\006\047\006\105\006\052\006\055\006\047\006\106\006\037}{section.7.2}% 213
\BOOKMARK [2][-]{subsection.7.2.2}{\376\377\006\105\006\047\006\060\006\047\000\040\006\052\006\052\006\054\006\106\006\050\000\040\006\101\006\112\000\040\006\104\006\112\006\104\006\051\000\040\006\047\006\104\006\047\006\105\006\052\006\055\006\047\006\106\006\037}{section.7.2}% 214
\BOOKMARK [2][-]{subsection.7.2.3}{\376\377\006\106\006\065\006\047\006\046\006\055\000\040\006\056\006\047\006\065\006\051\000\040\006\104\006\104\006\105\006\110\006\047\006\057\000\040\006\047\006\104\006\105\006\056\006\052\006\104\006\101\006\051\000\040\000\050\006\104\006\105\006\055\006\051\000\040\006\063\006\061\006\112\006\071\006\051\000\051}{section.7.2}% 215
\BOOKMARK [2][-]{subsection.7.2.4}{\376\377\006\103\006\112\006\101\000\040\006\052\006\052\006\071\006\047\006\105\006\104\000\040\006\105\006\071\000\040\006\047\006\104\006\052\006\110\006\052\006\061\000\040\006\110\006\047\006\104\006\102\006\104\006\102\006\037}{section.7.2}% 216
\BOOKMARK [2][-]{subsection.7.2.5}{\376\377\006\047\006\104\006\052\006\055\006\066\006\112\006\061\000\040\006\047\006\104\006\105\006\047\006\057\006\112\000:\000\040\006\102\006\047\006\046\006\105\006\051\000\040\006\047\006\104\006\105\006\063\006\052\006\104\006\062\006\105\006\047\006\052}{section.7.2}% 217
\BOOKMARK [2][-]{subsection.7.2.6}{\376\377\006\047\006\104\006\105\006\104\006\047\006\050\006\063\000\040\006\047\006\104\006\105\006\106\006\047\006\063\006\050\006\051}{section.7.2}% 218
\BOOKMARK [0][-]{chapter.8}{\376\377\006\112\006\110\006\105\000\040\006\047\006\104\006\047\006\105\006\052\006\055\006\047\006\106\000\040\006\047\006\104\006\050\006\103\006\047\006\104\006\110\006\061\006\112\006\047}{section*.87}% 219
\BOOKMARK [1][-]{section.8.1}{\376\377\006\057\006\104\006\112\006\104\000\040\006\064\006\047\006\105\006\104\000\040\006\104\006\112\006\110\006\105\000\040\006\047\006\104\006\047\006\105\006\052\006\055\006\047\006\106\000:\000\040\006\105\006\106\000\040\006\047\006\104\006\047\006\063\006\052\006\112\006\102\006\047\006\070\000\040\006\045\006\104\006\111\000\040\006\052\006\063\006\104\006\112\006\105\000\040\006\047\006\104\006\110\006\061\006\102\006\051}{chapter.8}% 220
\BOOKMARK [2][-]{subsection.8.1.1}{\376\377\006\102\006\050\006\104\000\040\006\047\006\104\006\056\006\061\006\110\006\054\000\040\006\105\006\106\000\040\006\047\006\104\006\105\006\106\006\062\006\104}{section.8.1}% 221
\BOOKMARK [2][-]{subsection.8.1.2}{\376\377\006\101\006\112\000\040\006\105\006\061\006\103\006\062\000\040\006\047\006\104\006\047\006\105\006\052\006\055\006\047\006\106}{section.8.1}% 222
\BOOKMARK [2][-]{subsection.8.1.3}{\376\377\006\071\006\106\006\057\000\040\006\047\006\063\006\052\006\104\006\047\006\105\000\040\006\110\006\061\006\102\006\051\000\040\006\047\006\104\006\043\006\063\006\046\006\104\006\051\000\040\000\050\006\047\006\104\006\047\006\056\006\052\006\112\006\047\006\061\000\040\006\047\006\104\006\060\006\103\006\112\000\040\006\104\006\104\006\105\006\110\006\066\006\110\006\071\000\051}{section.8.1}% 223
\BOOKMARK [2][-]{subsection.8.1.4}{\376\377\006\047\006\104\006\052\006\071\006\047\006\105\006\104\000\040\006\105\006\071\000\040\006\110\006\061\006\102\006\051\000\040\006\047\006\104\006\045\006\054\006\047\006\050\006\051\000\040\000\050\006\101\006\106\000\040\006\047\006\104\006\052\006\106\006\070\006\112\006\105\000\051}{section.8.1}% 224
\BOOKMARK [2][-]{subsection.8.1.5}{\376\377\006\052\006\106\006\070\006\112\006\105\000\040\006\047\006\104\006\110\006\102\006\052\000\040\006\057\006\047\006\056\006\104\000\040\006\047\006\104\006\047\006\105\006\052\006\055\006\047\006\106}{section.8.1}% 225
\BOOKMARK [2][-]{subsection.8.1.6}{\376\377\006\106\006\065\006\047\006\046\006\055\000\040\006\056\006\047\006\065\006\051\000\040\006\104\006\104\006\052\006\071\006\047\006\105\006\104\000\040\006\105\006\071\000\040\006\047\006\104\006\066\006\072\006\067\000\040\006\043\006\053\006\106\006\047\006\041\000\040\006\047\006\104\006\047\006\105\006\052\006\055\006\047\006\106}{section.8.1}% 226
\BOOKMARK [2][-]{subsection.8.1.7}{\376\377\006\101\006\112\000\040\006\042\006\056\006\061\000\040\006\047\006\104\006\110\006\102\006\052}{section.8.1}% 227
\BOOKMARK [2][-]{subsection.8.1.8}{\376\377\006\050\006\071\006\057\000\040\006\047\006\104\006\056\006\061\006\110\006\054\000\040\006\105\006\106\000\040\006\047\006\104\006\047\006\105\006\052\006\055\006\047\006\106}{section.8.1}% 228
\BOOKMARK [1][-]{section.8.2}{\376\377\006\047\006\104\006\052\006\071\006\047\006\105\006\104\000\040\006\105\006\071\000\040\006\047\006\104\006\055\006\047\006\104\006\047\006\052\000\040\006\047\006\104\006\067\006\047\006\061\006\046\006\051\000\040\006\112\006\110\006\105\000\040\006\047\006\104\006\047\006\105\006\052\006\055\006\047\006\106}{chapter.8}% 229
\BOOKMARK [-1][-]{section*.88}{\376\377\006\057\006\071\006\105\000\040\006\047\006\104\006\106\006\056\006\050\006\051\000:\000\040\006\047\006\104\006\045\006\105\006\057\006\047\006\057\006\047\006\052}{}% 230
\BOOKMARK [0][-]{chapter.9}{\376\377\000\040\006\045\006\105\006\057\006\047\006\057\006\047\006\052\000\040\006\047\006\104\006\052\006\101\006\110\006\102}{section*.88}% 231
\BOOKMARK [1][-]{section.9.1}{\376\377\006\052\006\054\006\061\006\050\006\051\000\040\006\105\006\055\006\105\006\057}{chapter.9}% 232
\BOOKMARK [2][-]{subsection.9.1.1}{\376\377\006\103\006\112\006\101\000\040\006\052\006\050\006\057\006\043\000\040\006\071\006\047\006\105\000\040\006\047\006\104\006\050\006\103\006\047\006\104\006\110\006\061\006\112\006\047}{section.9.1}% 233
\BOOKMARK [2][-]{subsection.9.1.2}{\376\377\006\047\006\104\006\057\006\061\006\110\006\063\000\040\006\047\006\104\006\056\006\065\006\110\006\065\006\112\006\051\000:\000\040\006\050\006\112\006\106\000\040\006\047\006\104\006\101\006\047\006\046\006\057\006\051\000\040\006\110\006\047\006\104\006\045\006\101\006\061\006\047\006\067}{section.9.1}% 234
\BOOKMARK [2][-]{subsection.9.1.3}{\376\377\006\103\006\112\006\101\000\040\006\052\006\052\006\071\006\047\006\105\006\104\000\040\006\105\006\071\000\040\006\047\006\104\006\105\006\110\006\047\006\057\000\040\006\047\006\104\006\105\006\056\006\052\006\104\006\101\006\051}{section.9.1}% 235
\BOOKMARK [2][-]{subsection.9.1.4}{\376\377\006\106\006\065\006\047\006\046\006\055\000\040\006\104\006\104\006\105\006\060\006\047\006\103\006\061\006\051\000\040\006\047\006\104\006\101\006\071\006\047\006\104\006\051}{section.9.1}% 236
\BOOKMARK [2][-]{subsection.9.1.5}{\376\377\006\103\006\112\006\101\000\040\006\052\006\052\006\071\006\047\006\105\006\104\000\040\006\105\006\071\000\040\006\047\006\104\006\043\006\063\006\047\006\052\006\060\006\051}{section.9.1}% 237
\BOOKMARK [2][-]{subsection.9.1.6}{\376\377\006\047\006\104\006\060\006\103\006\047\006\041\000\040\006\110\006\047\006\104\006\047\006\054\006\052\006\107\006\047\006\057}{section.9.1}% 238
\BOOKMARK [2][-]{subsection.9.1.7}{\376\377\006\047\006\056\006\052\006\112\006\047\006\061\000\040\006\047\006\104\006\052\006\056\006\065\006\065\000\040\006\050\006\071\006\057\000\040\006\047\006\104\006\050\006\047\006\103}{section.9.1}% 239
\BOOKMARK [2][-]{subsection.9.1.8}{\376\377\006\052\006\043\006\053\006\112\006\061\000\040\006\047\006\104\006\102\006\061\006\047\006\041\006\051\000\040\006\110\006\047\006\104\006\053\006\102\006\047\006\101\006\051\000\040\006\047\006\104\006\071\006\047\006\105\006\051}{section.9.1}% 240
\BOOKMARK [2][-]{subsection.9.1.9}{\376\377\006\047\006\104\006\102\006\112\006\105\000\040\006\047\006\104\006\043\006\063\006\047\006\063\006\112\006\051\000\040\006\104\006\104\006\106\006\054\006\047\006\055}{section.9.1}% 241
\BOOKMARK [2][-]{subsection.9.1.10}{\376\377\006\106\006\065\006\047\006\046\006\055\000\040\006\104\006\112\006\110\006\105\000\040\006\047\006\104\006\047\006\105\006\052\006\055\006\047\006\106}{section.9.1}% 242
\BOOKMARK [2][-]{subsection.9.1.11}{\376\377\006\103\006\104\006\105\006\051\000\040\006\043\006\056\006\112\006\061\006\051}{section.9.1}% 243
\BOOKMARK [1][-]{section.9.2}{\376\377\000\040\006\052\006\054\006\061\006\050\006\051\000\040\006\061\006\110\006\106\006\102}{chapter.9}% 244
\BOOKMARK [2][-]{subsection.9.2.1}{\376\377\006\047\006\104\006\050\006\057\006\047\006\112\006\047\006\052\000:\000\040\006\067\006\101\006\110\006\104\006\051\000\040\006\071\006\047\006\057\006\112\006\051\000\040\006\110\006\045\006\112\006\105\006\047\006\106\000\040\006\105\006\050\006\103\006\061}{section.9.2}% 245
\BOOKMARK [2][-]{subsection.9.2.2}{\376\377\006\047\006\104\006\102\006\061\006\042\006\106\000\040\006\047\006\104\006\103\006\061\006\112\006\105\000:\000\040\006\063\006\061\000\040\006\047\006\104\006\050\006\061\006\103\006\051\000\040\006\110\006\047\006\104\006\052\006\105\006\112\006\062}{section.9.2}% 246
\BOOKMARK [2][-]{subsection.9.2.3}{\376\377\006\047\006\104\006\052\006\056\006\067\006\112\006\067\000\040\006\047\006\104\006\105\006\055\006\103\006\105\000:\000\040\006\063\006\061\000\040\006\047\006\104\006\106\006\054\006\047\006\055\000\040\006\047\006\104\006\103\006\050\006\112\006\061}{section.9.2}% 247
\BOOKMARK [2][-]{subsection.9.2.4}{\376\377\006\047\006\104\006\052\006\071\006\047\006\105\006\104\000\040\006\105\006\071\000\040\006\047\006\104\006\057\006\061\006\110\006\063\000\040\006\047\006\104\006\056\006\065\006\110\006\065\006\112\006\051\000\040\006\110\006\047\006\104\006\105\006\102\006\052\006\061\006\055\006\047\006\052}{section.9.2}% 248
\BOOKMARK [2][-]{subsection.9.2.5}{\376\377\006\103\006\112\006\101\000\040\006\110\006\047\006\054\006\107\006\052\000\040\006\047\006\104\006\052\006\064\006\103\006\112\006\103\000\040\006\110\006\047\006\104\006\066\006\072\006\110\006\067\006\037}{section.9.2}% 249
\BOOKMARK [2][-]{subsection.9.2.6}{\376\377\006\043\006\063\006\050\006\110\006\071\000\040\006\047\006\104\006\047\006\105\006\052\006\055\006\047\006\106\006\047\006\052\000:\000\040\006\047\006\104\006\061\006\110\006\055\006\047\006\106\006\112\006\051\000\040\006\110\006\047\006\104\006\053\006\102\006\051}{section.9.2}% 250
\BOOKMARK [2][-]{subsection.9.2.7}{\376\377\006\057\006\110\006\061\000\040\006\047\006\104\006\043\006\063\006\061\006\051\000:\000\040\006\047\006\104\006\057\006\071\006\105\000\040\006\057\006\110\006\106\000\040\006\066\006\072\006\067}{section.9.2}% 251
\BOOKMARK [2][-]{subsection.9.2.8}{\376\377\006\106\006\065\006\112\006\055\006\051\000\040\006\056\006\052\006\047\006\105\006\112\006\051\000\040\006\104\006\104\006\067\006\104\006\047\006\050}{section.9.2}% 252
\BOOKMARK [1][-]{section.9.3}{\376\377\006\052\006\054\006\061\006\050\006\051\000\040\006\110\006\065\006\047\006\104}{chapter.9}% 253
\BOOKMARK [2][-]{subsection.9.3.1}{\376\377\006\047\006\104\006\101\006\052\006\061\006\051\000\040\006\047\006\104\006\055\006\047\006\063\006\105\006\051\000:\000\040\006\064\006\107\006\061\000\040\006\105\006\047\000\040\006\102\006\050\006\104\000\040\006\047\006\104\006\050\006\103\006\047\006\104\006\110\006\061\006\112\006\047}{section.9.3}% 254
\BOOKMARK [2][-]{subsection.9.3.2}{\376\377\006\106\006\065\006\047\006\046\006\055\000\040\006\104\006\104\006\105\006\061\006\047\006\054\006\071\006\051\000\040\006\047\006\104\006\106\006\107\006\047\006\046\006\112\006\051\000\040\006\104\006\103\006\104\000\040\006\105\006\047\006\057\006\051}{section.9.3}% 255
\BOOKMARK [2][-]{subsection.9.3.3}{\376\377\006\067\006\061\006\112\006\102\006\051\000\040\006\110\006\065\006\047\006\104\000\040\006\101\006\112\000\040\006\105\006\047\006\057\006\051\000\040\006\047\006\104\006\101\006\104\006\063\006\101\006\051}{section.9.3}% 256
\BOOKMARK [2][-]{subsection.9.3.4}{\376\377\006\103\006\112\006\101\000\040\006\052\006\052\006\071\006\047\006\105\006\104\000\040\006\105\006\071\000\040\006\043\006\063\006\046\006\104\006\051\000\040\006\047\006\104\006\047\006\054\006\052\006\105\006\047\006\071\006\112\006\047\006\052\000\040\006\072\006\112\006\061\000\040\006\047\006\104\006\105\006\050\006\047\006\064\006\061\006\051}{section.9.3}% 257
\BOOKMARK [2][-]{subsection.9.3.5}{\376\377\006\047\006\104\006\043\006\112\006\047\006\105\000\040\006\047\006\104\006\043\006\056\006\112\006\061\006\051\000\040\006\102\006\050\006\104\000\040\006\047\006\104\006\050\006\047\006\103\000:\000\040\006\103\006\112\006\101\000\040\006\052\006\052\006\071\006\047\006\105\006\104\000\040\006\105\006\071\000\040\006\047\006\104\006\066\006\072\006\067}{section.9.3}% 258
\BOOKMARK [2][-]{subsection.9.3.6}{\376\377\006\047\006\104\006\052\006\071\006\047\006\105\006\104\000\040\006\105\006\071\000\040\006\047\006\104\006\043\006\063\006\047\006\052\006\060\006\051\000\040\006\047\006\104\006\105\006\055\006\050\006\067\006\112\006\106}{section.9.3}% 259
\BOOKMARK [2][-]{subsection.9.3.7}{\376\377\006\101\006\052\006\061\006\051\000\040\006\047\006\106\006\052\006\070\006\047\006\061\000\040\006\047\006\104\006\106\006\052\006\047\006\046\006\054\000\040\006\110\006\103\006\110\006\047\006\104\006\112\006\063\000\040\006\112\006\110\006\105\000\040\006\047\006\104\006\101\006\061\006\055}{section.9.3}% 260
\BOOKMARK [2][-]{subsection.9.3.8}{\376\377\006\047\006\104\006\052\006\103\006\061\006\112\006\105\000\040\006\047\006\104\006\061\006\046\006\047\006\063\006\112\000:\000\040\006\055\006\104\006\105\000\040\006\112\006\052\006\055\006\102\006\102}{section.9.3}% 261
\BOOKMARK [2][-]{subsection.9.3.9}{\376\377\006\061\006\063\006\047\006\104\006\051\000\040\006\043\006\056\006\112\006\061\006\051\000\040\006\104\006\104\006\067\006\104\006\047\006\050}{section.9.3}% 262
\BOOKMARK [1][-]{section.9.4}{\376\377\006\052\006\054\006\061\006\050\006\051\000\040\006\106\006\061\006\054\006\063}{chapter.9}% 263
\BOOKMARK [2][-]{subsection.9.4.1}{\376\377\006\050\006\057\006\047\006\112\006\051\000\040\006\047\006\104\006\071\006\047\006\105\000:\000\040\006\047\006\104\006\061\006\047\006\055\006\051\000\040\006\043\006\110\006\104\006\047\006\113\000\040\006\053\006\105\000\040\006\047\006\104\006\047\006\106\006\067\006\104\006\047\006\102}{section.9.4}% 264
\BOOKMARK [2][-]{subsection.9.4.2}{\376\377\006\067\006\061\006\112\006\102\006\051\000\040\006\047\006\104\006\057\006\061\006\047\006\063\006\051\000:\000\040\006\047\006\104\006\071\006\105\006\102\000\040\006\043\006\110\006\104\006\047\006\113\000\040\006\053\006\105\000\040\006\047\006\104\006\052\006\106\006\110\006\112\006\071}{section.9.4}% 265
\BOOKMARK [2][-]{subsection.9.4.3}{\376\377\006\047\006\104\006\101\006\104\006\063\006\101\006\051\000:\000\040\006\105\006\106\000\040\006\047\006\104\006\056\006\110\006\101\000\040\006\045\006\104\006\111\000\040\006\047\006\104\006\055\006\050\000\040\000\050\006\110\006\047\006\104\006\071\006\104\006\047\006\105\006\051\000\040\006\047\006\104\006\103\006\047\006\105\006\104\006\051\000\051}{section.9.4}% 266
\BOOKMARK [2][-]{subsection.9.4.4}{\376\377\006\105\006\110\006\102\006\101\006\107\006\047\000\040\006\105\006\106\000\040\006\047\006\104\006\105\006\102\006\052\006\061\006\055\006\047\006\052\000:\000\040\006\104\006\047\000\040\006\104\006\104\006\105\006\054\006\047\006\062\006\101\006\051}{section.9.4}% 267
\BOOKMARK [2][-]{subsection.9.4.5}{\376\377\006\047\006\104\006\057\006\061\006\110\006\063\000\040\006\047\006\104\006\056\006\065\006\110\006\065\006\112\006\051\000:\000\040\006\105\006\065\006\057\006\061\000\040\006\057\006\071\006\105\000\040\006\110\006\104\006\112\006\063\000\040\006\064\006\061\006\067\006\047\006\113}{section.9.4}% 268
\BOOKMARK [2][-]{subsection.9.4.6}{\376\377\006\047\006\104\006\057\006\061\006\047\006\063\006\051\000\040\006\047\006\104\006\101\006\061\006\057\006\112\006\051\000\040\006\043\006\105\000\040\006\047\006\104\006\054\006\105\006\047\006\071\006\112\006\051\006\037}{section.9.4}% 269
\BOOKMARK [2][-]{subsection.9.4.7}{\376\377\006\047\006\104\006\052\006\071\006\047\006\105\006\104\000\040\006\105\006\071\000\040\006\047\006\104\006\043\006\063\006\047\006\052\006\060\006\051\000\040\006\110\006\047\006\104\006\053\006\102\006\051\000\040\006\050\006\047\006\104\006\106\006\101\006\063}{section.9.4}% 270
\BOOKMARK [2][-]{subsection.9.4.8}{\376\377\006\047\006\104\006\050\006\103\006\047\006\104\006\110\006\061\006\112\006\047\000:\000\040\006\047\006\054\006\052\006\107\006\047\006\057\000\040\006\110\006\104\006\112\006\063\000\040\006\071\006\050\006\102\006\061\006\112\006\121\006\051}{section.9.4}% 271
\BOOKMARK [2][-]{subsection.9.4.9}{\376\377\006\104\006\055\006\070\006\051\000\040\006\047\006\104\006\106\006\052\006\112\006\054\006\051\000\040\006\110\006\047\006\104\006\052\006\103\006\061\006\112\006\105\000\040\006\047\006\104\006\061\006\046\006\047\006\063\006\112}{section.9.4}% 272
\BOOKMARK [2][-]{subsection.9.4.10}{\376\377\006\106\006\065\006\112\006\055\006\051\000\040\006\056\006\052\006\047\006\105\006\112\006\051}{section.9.4}% 273
\BOOKMARK [1][-]{section.9.5}{\376\377\006\052\006\054\006\061\006\050\006\051\000\040\006\106\006\057\006\112\006\105}{chapter.9}% 274
\BOOKMARK [2][-]{subsection.9.5.1}{\376\377\006\050\006\057\006\047\006\112\006\051\000\040\006\047\006\104\006\071\006\047\006\105\000:\000\040\006\104\006\047\000\040\006\104\006\104\006\066\006\072\006\067\000\040\006\047\006\104\006\105\006\050\006\103\006\061}{section.9.5}% 275
\BOOKMARK [2][-]{subsection.9.5.2}{\376\377\006\052\006\106\006\070\006\112\006\105\000\040\006\047\006\104\006\110\006\102\006\052\000:\000\040\006\047\006\104\006\052\006\057\006\061\006\054\000\040\006\101\006\112\000\040\006\047\006\104\006\110\006\052\006\112\006\061\006\051}{section.9.5}% 276
\BOOKMARK [2][-]{subsection.9.5.3}{\376\377\006\067\006\061\006\112\006\102\006\051\000\040\006\047\006\104\006\057\006\061\006\047\006\063\006\051\000\040\006\101\006\112\000\040\006\047\006\104\006\105\006\110\006\047\006\057\000\040\006\047\006\104\006\043\006\063\006\047\006\063\006\112\006\051\000\040}{section.9.5}% 277
\BOOKMARK [2][-]{subsection.9.5.4}{\376\377\006\105\006\110\006\047\006\057\000\040\006\047\006\104\006\055\006\101\006\070\000:\000\040\006\063\006\061\000\040\006\047\006\104\006\105\006\071\006\057\006\104\000\040\006\047\006\104\006\105\006\105\006\052\006\047\006\062}{section.9.5}% 278
\BOOKMARK [2][-]{subsection.9.5.5}{\376\377\006\103\006\112\006\101\000\040\006\055\006\110\006\104\000\040\0001\0002\000\040\006\101\006\112\000\040\006\047\006\104\006\101\006\104\006\063\006\101\006\051\000\040\006\045\006\104\006\111\000\040\0001\0008\000,\0005\000\040\006\101\006\112\000\040\006\047\006\104\006\050\006\047\006\103\006\037}{section.9.5}% 279
\BOOKMARK [2][-]{subsection.9.5.6}{\376\377\006\047\006\104\006\057\006\061\006\110\006\063\000\040\006\047\006\104\006\056\006\065\006\110\006\065\006\112\006\051\000:\000\040\006\066\006\061\006\110\006\061\006\051\000\040\006\043\006\105\000\040\006\104\006\047\006\037}{section.9.5}% 280
\BOOKMARK [2][-]{subsection.9.5.7}{\376\377\006\047\006\104\006\050\006\103\006\047\006\104\006\110\006\061\006\112\006\047\000\040\006\047\006\104\006\052\006\054\006\061\006\112\006\050\006\112\006\051\000:\000\040\006\103\006\106\006\062\000\040\006\104\006\047\000\040\006\112\006\102\006\057\006\061\000\040\006\050\006\053\006\105\006\106}{section.9.5}% 281
\BOOKMARK [2][-]{subsection.9.5.8}{\376\377\006\105\006\110\006\102\006\101\006\107\000\040\006\105\006\106\000\040\006\047\006\104\006\105\006\102\006\052\006\061\006\055\006\047\006\052\000\040\006\110\006\047\006\104\006\045\006\064\006\047\006\071\006\047\006\052}{section.9.5}% 282
\BOOKMARK [2][-]{subsection.9.5.9}{\376\377\006\043\006\063\006\050\006\110\006\071\000\040\006\047\006\104\006\050\006\103\006\047\006\104\006\110\006\061\006\112\006\047\000:\000\040\006\047\006\104\006\047\006\063\006\052\006\071\006\057\006\047\006\057\000\040\006\047\006\104\006\106\006\101\006\063\006\112\000\040\006\110\006\047\006\104\006\050\006\057\006\106\006\112}{section.9.5}% 283
\BOOKMARK [2][-]{subsection.9.5.10}{\376\377\006\104\006\055\006\070\006\051\000\040\006\047\006\104\006\106\006\054\006\047\006\055\000\040\006\110\006\047\006\104\006\052\006\103\006\061\006\112\006\105}{section.9.5}% 284
\BOOKMARK [2][-]{subsection.9.5.11}{\376\377\006\106\006\065\006\112\006\055\006\051\000\040\006\056\006\052\006\047\006\105\006\112\006\051}{section.9.5}% 285
\BOOKMARK [1][-]{section.9.6}{\376\377\006\052\006\054\006\061\006\050\006\051\000\040\006\110\006\063\006\112\006\105}{chapter.9}% 286
\BOOKMARK [2][-]{subsection.9.6.1}{\376\377\006\047\006\104\006\052\006\055\006\101\006\112\006\062\000:\000\040\006\047\006\104\006\063\006\112\006\101\000\040\006\060\006\110\000\040\006\055\006\057\006\112\006\106}{section.9.6}% 287
\BOOKMARK [2][-]{subsection.9.6.2}{\376\377\006\047\006\104\006\061\006\112\006\047\006\066\006\112\006\047\006\052\000:\000\040\006\101\006\107\006\105\000\040\006\047\006\104\006\052\006\067\006\050\006\112\006\102\000\040\006\043\006\110\006\104\006\047\006\113}{section.9.6}% 288
\BOOKMARK [2][-]{subsection.9.6.3}{\376\377\006\047\006\104\006\101\006\112\006\062\006\112\006\047\006\041\000:\000\040\006\047\006\104\006\057\006\061\006\063\000\040\006\043\006\107\006\105\000\040\006\105\006\106\000\040\006\047\006\104\006\052\006\067\006\050\006\112\006\102\006\047\006\052\006\037}{section.9.6}% 289
\BOOKMARK [2][-]{subsection.9.6.4}{\376\377\006\047\006\104\006\105\006\110\006\047\006\057\000\040\006\047\006\104\006\043\006\057\006\050\006\112\006\051\000:\000\040\006\052\006\102\006\106\006\112\006\051\000\040\006\047\006\104\006\052\006\063\006\104\006\063\006\104\000\040\006\047\006\104\006\107\006\061\006\105\006\112}{section.9.6}% 290
\BOOKMARK [2][-]{subsection.9.6.5}{\376\377\006\047\006\104\006\052\006\055\006\101\006\112\006\062\000\040\006\047\006\104\006\062\006\047\006\046\006\057\000:\000\040\006\047\006\063\006\052\006\053\006\105\006\061\006\107\000\040\006\101\006\112\000\040\006\047\006\104\006\105\006\110\006\047\006\057\000\040\006\047\006\104\006\071\006\104\006\105\006\112\006\051}{section.9.6}% 291
\BOOKMARK [2][-]{subsection.9.6.6}{\376\377\006\047\006\104\006\057\006\061\006\047\006\063\006\051\000:\000\040\006\107\006\104\000\040\006\052\006\063\006\052\006\055\006\102\000\040\006\047\006\104\006\052\006\071\006\050\006\037}{section.9.6}% 292
\BOOKMARK [2][-]{subsection.9.6.7}{\376\377\006\047\006\104\006\052\006\105\006\047\006\061\006\112\006\106\000\040\006\047\006\104\006\065\006\071\006\050\006\051\000:\000\040\006\104\006\047\000\040\006\052\006\066\006\112\006\071\000\040\006\110\006\102\006\052\006\103}{section.9.6}% 293
\BOOKMARK [2][-]{subsection.9.6.8}{\376\377\006\047\006\104\006\105\006\106\006\107\006\054\006\112\006\051\000\040\006\101\006\112\000\040\006\054\006\105\006\112\006\071\000\040\006\047\006\104\006\105\006\110\006\047\006\057}{section.9.6}% 294
\BOOKMARK [2][-]{subsection.9.6.9}{\376\377\006\047\006\104\006\045\006\063\006\104\006\047\006\105\006\112\006\051\000:\000\040\006\047\006\055\006\101\006\070\000\040\006\103\006\105\006\047\000\040\006\107\006\112}{section.9.6}% 295
\BOOKMARK [2][-]{subsection.9.6.10}{\376\377\006\112\006\110\006\105\000\040\006\047\006\104\006\050\006\047\006\103\000:\000\040\006\047\006\104\006\043\006\110\006\061\006\047\006\102}{section.9.6}% 296
\BOOKMARK [1][-]{section.9.7}{\376\377\006\043\006\065\006\110\006\047\006\052\000\040\006\105\006\106\000\040\006\047\006\104\006\105\006\112\006\057\006\047\006\106\000\040}{chapter.9}% 297
\BOOKMARK [2][-]{subsection.9.7.1}{\376\377\006\050\006\064\006\061\006\111\000:\000\040\0001\0009\000\040\006\101\006\112\000\040\006\047\006\104\006\101\006\104\006\063\006\101\006\051}{section.9.7}% 298
\BOOKMARK [2][-]{subsection.9.7.2}{\376\377\006\061\006\101\006\112\006\057\006\051\000:\000\040\006\067\006\047\006\104\006\050\006\051\000\040\006\067\006\050}{section.9.7}% 299
\BOOKMARK [2][-]{subsection.9.7.3}{\376\377\006\112\006\110\006\063\006\101\000:\000\040\0001\0008\000,\0005\000\040\006\101\006\112\000\040\006\047\006\104\006\101\006\104\006\063\006\101\006\051\006\014\000\040\0001\0009\000,\0005\000\040\006\101\006\112\000\040\006\047\006\104\006\101\006\112\006\062\006\112\006\047\006\041}{section.9.7}% 300
\BOOKMARK [2][-]{subsection.9.7.4}{\376\377\006\104\006\112\006\104\006\111\000:\000\040\0001\0008\000,\0008\0000\000\040\006\101\006\112\000\040\006\064\006\071\006\050\006\051\000\040\006\071\006\104\006\110\006\105\000\040\006\052\006\054\006\061\006\112\006\050\006\112\006\051}{section.9.7}% 301
\BOOKMARK [0][-]{chapter.10}{\376\377\006\045\006\105\006\057\006\047\006\057\006\047\006\052\000\040\006\047\006\104\006\061\006\110\006\055}{section*.88}% 302
\BOOKMARK [1][-]{section.10.1}{\376\377\006\043\006\106\006\052\000\040\006\105\006\063\006\044\006\110\006\104\000\040\006\071\006\106\000\040\006\047\006\104\006\063\006\071\006\112\006\014\000\040\006\110\006\047\006\104\006\104\006\107\000\040\006\071\006\106\000\040\006\047\006\104\006\106\006\052\006\112\006\054\006\051}{chapter.10}% 303
\BOOKMARK [1][-]{section.10.2}{\376\377\006\071\006\106\006\057\006\105\006\047\000\040\006\112\006\106\006\052\006\047\006\050\006\103\000\040\006\047\006\104\006\056\006\110\006\101\000\040\006\110\006\047\006\104\006\112\006\043\006\063}{chapter.10}% 304
\BOOKMARK [2][-]{subsection.10.2.1}{\376\377\006\043\006\106\006\052\000\040\006\104\006\063\006\052\000\040\006\110\006\055\006\057\006\103}{section.10.2}% 305
\BOOKMARK [2][-]{subsection.10.2.2}{\376\377\006\105\006\105\006\047\006\061\006\063\006\047\006\052\000\040\006\071\006\105\006\104\006\112\006\051\000\040\006\104\006\105\006\110\006\047\006\054\006\107\006\051\000\040\006\047\006\104\006\112\006\043\006\063}{section.10.2}% 306
\BOOKMARK [2][-]{subsection.10.2.3}{\376\377\006\102\006\110\006\051\000\040\006\047\006\104\006\057\006\071\006\047\006\041\000\040\006\110\006\047\006\104\006\112\006\102\006\112\006\106}{section.10.2}% 307
\BOOKMARK [1][-]{section.10.3}{\376\377\006\110\006\065\006\047\006\112\006\047\000\040\006\047\006\104\006\043\006\063\006\047\006\052\006\060\006\051\000\040\006\047\006\104\006\103\006\050\006\047\006\061}{chapter.10}% 308
\BOOKMARK [2][-]{subsection.10.3.1}{\376\377\006\110\006\065\006\112\006\051\000\040\006\047\006\104\006\043\006\063\006\052\006\047\006\060\000\040\006\106\006\110\006\061\000\040\006\047\006\104\006\057\006\112\006\106}{section.10.3}% 309
\BOOKMARK [2][-]{subsection.10.3.2}{\376\377\006\110\006\065\006\112\006\051\000\040\006\047\006\104\006\043\006\063\006\052\006\047\006\060\000\040\006\052\006\061\006\112\006\061}{section.10.3}% 310
\BOOKMARK [2][-]{subsection.10.3.3}{\376\377\006\110\006\065\006\112\006\051\000\040\006\047\006\104\006\043\006\063\006\052\006\047\006\060\006\051\000\040\006\103\006\052\006\101\006\112}{section.10.3}% 311
\BOOKMARK [2][-]{subsection.10.3.4}{\376\377\006\110\006\065\006\112\006\051\000\040\006\047\006\104\006\043\006\063\006\052\006\047\006\060\006\051\000\040\006\056\006\112\006\061\006\051\000\040\006\101\006\104\006\112\006\052\006\112}{section.10.3}% 312
\BOOKMARK [2][-]{subsection.10.3.5}{\376\377\006\110\006\065\006\112\006\051\000\040\006\047\006\104\006\043\006\063\006\052\006\047\006\060\000\040\006\055\006\105\006\047\006\064\000\040\000\050\006\047\006\104\006\043\006\057\006\050\000\051}{section.10.3}% 313
\BOOKMARK [2][-]{subsection.10.3.6}{\376\377\006\110\006\065\006\112\006\051\000\040\006\047\006\104\006\043\006\063\006\052\006\047\006\060\000\040\006\071\006\047\006\057\006\104\000\040\006\105\006\102\006\061\006\110\006\057\000\040\000\050\006\047\006\104\006\101\006\104\006\063\006\101\006\051\000\051}{section.10.3}% 314
\BOOKMARK [1][-]{section.10.4}{\376\377\006\104\006\047\000\040\006\052\006\106\006\063\006\111\000\040\006\107\006\057\006\101\006\103\000\040\006\047\006\104\006\043\006\063\006\105\006\111\000:\000\040\006\104\006\120\006\043\006\054\006\104\000\040\006\105\006\106\000\040\006\052\006\101\006\071\006\104\000\040\006\107\006\060\006\047\006\037}{chapter.10}% 315
\BOOKMARK [2][-]{subsection.10.4.1}{\376\377\006\104\006\043\006\054\006\104\000\040\006\047\006\104\006\110\006\047\006\104\006\057\006\112\006\106}{section.10.4}% 316
\BOOKMARK [2][-]{subsection.10.4.2}{\376\377\006\104\006\043\006\054\006\104\000\040\006\105\006\063\006\052\006\102\006\050\006\104\006\103}{section.10.4}% 317
\BOOKMARK [2][-]{subsection.10.4.3}{\376\377\006\104\006\043\006\054\006\104\000\040\006\060\006\047\006\052\006\103}{section.10.4}% 318
\BOOKMARK [1][-]{section.10.5}{\376\377\006\103\006\112\006\101\000\040\006\052\006\050\006\102\006\112\000\040\006\064\006\072\006\101\006\103\000\040\006\105\006\052\006\102\006\057\006\047\006\113\000\040\006\067\006\110\006\047\006\104\000\040\006\047\006\104\006\071\006\047\006\105\006\037}{chapter.10}% 319
\BOOKMARK [2][-]{subsection.10.5.1}{\376\377\006\072\006\112\006\121\006\061\000\040\006\061\006\110\006\052\006\112\006\106\006\103\000\040\006\103\006\104\000\040\006\101\006\052\006\061\006\051}{section.10.5}% 320
\BOOKMARK [2][-]{subsection.10.5.2}{\376\377\006\103\006\047\006\101\006\046\000\040\006\106\006\101\006\063\006\103\000\040\006\050\006\047\006\106\006\052\006\070\006\047\006\105}{section.10.5}% 321
\BOOKMARK [2][-]{subsection.10.5.3}{\376\377\006\047\006\064\006\052\006\061\006\103\000\040\006\101\006\112\000\040\006\052\006\055\006\057\006\112\006\047\006\052\000\040\006\054\006\105\006\047\006\071\006\112\006\051}{section.10.5}% 322
\BOOKMARK [2][-]{subsection.10.5.4}{\376\377\006\060\006\103\006\121\006\061\000\040\006\106\006\101\006\063\006\103\000\040\006\050\006\047\006\063\006\052\006\105\006\061\006\047\006\061\000\040\006\050\006\047\006\104\006\107\006\057\006\101\000\040\006\047\006\104\006\106\006\107\006\047\006\046\006\112}{section.10.5}% 323
\BOOKMARK [2][-]{subsection.10.5.5}{\376\377\006\104\006\047\000\040\006\052\006\102\006\047\006\061\006\106\000\040\006\106\006\101\006\063\006\103\000\040\006\050\006\047\006\104\006\042\006\056\006\061\006\112\006\106}{section.10.5}% 324
\BOOKMARK [2][-]{subsection.10.5.6}{\376\377\006\047\006\107\006\052\006\105\000\040\006\050\006\065\006\055\006\052\006\103\000\040\006\047\006\104\006\106\006\101\006\063\006\112\006\051\000\040\006\110\006\047\006\104\006\054\006\063\006\057\006\112\006\051}{section.10.5}% 325
\BOOKMARK [2][-]{subsection.10.5.7}{\376\377\006\052\006\060\006\103\006\061\000:\000\040\006\047\006\104\006\045\006\112\006\105\006\047\006\106\000\040\006\050\006\047\006\104\006\104\006\107\000\040\006\053\006\105\000\040\006\050\006\047\006\104\006\106\006\101\006\063\000\040\006\107\006\110\000\040\006\047\006\104\006\043\006\063\006\047\006\063}{section.10.5}% 326
\BOOKMARK [2][-]{subsection.10.5.8}{\376\377\000\040\006\043\006\106\006\052\000\040\006\043\006\102\006\110\006\111\000\040\006\105\006\105\006\047\000\040\006\052\006\071\006\052\006\102\006\057}{section.10.5}% 327
\BOOKMARK [0][-]{chapter.11}{\376\377\006\045\006\105\006\057\006\047\006\057\006\047\006\052\000\040\006\047\006\104\006\110\006\047\006\102\006\071}{section*.88}% 328
\BOOKMARK [0][-]{chapter*.89}{\376\377\006\103\006\104\006\105\006\051\000\040\006\043\006\056\006\112\006\061\006\051}{section*.88}% 329
